This file contains any messages produced by compilers while
running configure, to aid debugging if configure makes a mistake.

It was created by VERGE Core configure 4.0.1, which was
generated by GNU Autoconf 2.69.  Invocation command line was

  $ ./configure 

## --------- ##
## Platform. ##
## --------- ##

hostname = coinharvest
uname -m = x86_64
uname -r = 4.10.0-28-generic
uname -s = Linux
uname -v = #32~16.04.2-Ubuntu SMP Thu Jul 20 10:19:48 UTC 2017

/usr/bin/uname -p = unknown
/bin/uname -X     = unknown

/bin/arch              = unknown
/usr/bin/arch -k       = unknown
/usr/convex/getsysinfo = unknown
/usr/bin/hostinfo      = unknown
/bin/machine           = unknown
/usr/bin/oslevel       = unknown
/bin/universe          = unknown

PATH: /home/coinharvest/bin
PATH: /home/coinharvest/.local/bin
PATH: /usr/local/sbin
PATH: /usr/local/bin
PATH: /usr/sbin
PATH: /usr/bin
PATH: /sbin
PATH: /bin
PATH: /usr/games
PATH: /usr/local/games
PATH: /snap/bin


## ----------- ##
## Core tests. ##
## ----------- ##

configure:2785: checking build system type
configure:2799: result: x86_64-pc-linux-gnu
configure:2819: checking host system type
configure:2832: result: x86_64-pc-linux-gnu
configure:3101: checking for a BSD-compatible install
configure:3169: result: /usr/bin/install -c
configure:3180: checking whether build environment is sane
configure:3235: result: yes
configure:3386: checking for a thread-safe mkdir -p
configure:3425: result: /bin/mkdir -p
configure:3432: checking for gawk
configure:3462: result: no
configure:3432: checking for mawk
configure:3448: found /usr/bin/mawk
configure:3459: result: mawk
configure:3470: checking whether make sets $(MAKE)
configure:3492: result: yes
configure:3521: checking whether make supports nested variables
configure:3538: result: yes
configure:3657: checking whether to enable maintainer-specific portions of Makefiles
configure:3666: result: yes
configure:3691: checking whether make supports nested variables
configure:3708: result: yes
configure:3811: checking whether enable SSE/SSE2 optimizations
configure:3818: result: yes
configure:3906: checking for g++
configure:3922: found /usr/bin/g++
configure:3933: result: g++
configure:3960: checking for C++ compiler version
configure:3969: g++ --version >&5
g++ (Ubuntu 5.4.0-6ubuntu1~16.04.4) 5.4.0 20160609
Copyright (C) 2015 Free Software Foundation, Inc.
This is free software; see the source for copying conditions.  There is NO
warranty; not even for MERCHANTABILITY or FITNESS FOR A PARTICULAR PURPOSE.

configure:3980: $? = 0
configure:3969: g++ -v >&5
Using built-in specs.
COLLECT_GCC=g++
COLLECT_LTO_WRAPPER=/usr/lib/gcc/x86_64-linux-gnu/5/lto-wrapper
Target: x86_64-linux-gnu
Configured with: ../src/configure -v --with-pkgversion='Ubuntu 5.4.0-6ubuntu1~16.04.4' --with-bugurl=file:///usr/share/doc/gcc-5/README.Bugs --enable-languages=c,ada,c++,java,go,d,fortran,objc,obj-c++ --prefix=/usr --program-suffix=-5 --enable-shared --enable-linker-build-id --libexecdir=/usr/lib --without-included-gettext --enable-threads=posix --libdir=/usr/lib --enable-nls --with-sysroot=/ --enable-clocale=gnu --enable-libstdcxx-debug --enable-libstdcxx-time=yes --with-default-libstdcxx-abi=new --enable-gnu-unique-object --disable-vtable-verify --enable-libmpx --enable-plugin --with-system-zlib --disable-browser-plugin --enable-java-awt=gtk --enable-gtk-cairo --with-java-home=/usr/lib/jvm/java-1.5.0-gcj-5-amd64/jre --enable-java-home --with-jvm-root-dir=/usr/lib/jvm/java-1.5.0-gcj-5-amd64 --with-jvm-jar-dir=/usr/lib/jvm-exports/java-1.5.0-gcj-5-amd64 --with-arch-directory=amd64 --with-ecj-jar=/usr/share/java/eclipse-ecj.jar --enable-objc-gc --enable-multiarch --disable-werror --with-arch-32=i686 --with-abi=m64 --with-multilib-list=m32,m64,mx32 --enable-multilib --with-tune=generic --enable-checking=release --build=x86_64-linux-gnu --host=x86_64-linux-gnu --target=x86_64-linux-gnu
Thread model: posix
gcc version 5.4.0 20160609 (Ubuntu 5.4.0-6ubuntu1~16.04.4) 
configure:3980: $? = 0
configure:3969: g++ -V >&5
g++: error: unrecognized command line option '-V'
g++: fatal error: no input files
compilation terminated.
configure:3980: $? = 1
configure:3969: g++ -qversion >&5
g++: error: unrecognized command line option '-qversion'
g++: fatal error: no input files
compilation terminated.
configure:3980: $? = 1
configure:4000: checking whether the C++ compiler works
configure:4022: g++    conftest.cpp  >&5
configure:4026: $? = 0
configure:4074: result: yes
configure:4077: checking for C++ compiler default output file name
configure:4079: result: a.out
configure:4085: checking for suffix of executables
configure:4092: g++ -o conftest    conftest.cpp  >&5
configure:4096: $? = 0
configure:4118: result: 
configure:4140: checking whether we are cross compiling
configure:4148: g++ -o conftest    conftest.cpp  >&5
configure:4152: $? = 0
configure:4159: ./conftest
configure:4163: $? = 0
configure:4178: result: no
configure:4183: checking for suffix of object files
configure:4205: g++ -c   conftest.cpp >&5
configure:4209: $? = 0
configure:4230: result: o
configure:4234: checking whether we are using the GNU C++ compiler
configure:4253: g++ -c   conftest.cpp >&5
configure:4253: $? = 0
configure:4262: result: yes
configure:4271: checking whether g++ accepts -g
configure:4291: g++ -c -g  conftest.cpp >&5
configure:4291: $? = 0
configure:4332: result: yes
configure:4366: checking for style of include used by make
configure:4394: result: GNU
configure:4420: checking dependency style of g++
configure:4531: result: gcc3
configure:4594: checking for gcc
configure:4610: found /usr/bin/gcc
configure:4621: result: gcc
configure:4850: checking for C compiler version
configure:4859: gcc --version >&5
gcc (Ubuntu 5.4.0-6ubuntu1~16.04.4) 5.4.0 20160609
Copyright (C) 2015 Free Software Foundation, Inc.
This is free software; see the source for copying conditions.  There is NO
warranty; not even for MERCHANTABILITY or FITNESS FOR A PARTICULAR PURPOSE.

configure:4870: $? = 0
configure:4859: gcc -v >&5
Using built-in specs.
COLLECT_GCC=gcc
COLLECT_LTO_WRAPPER=/usr/lib/gcc/x86_64-linux-gnu/5/lto-wrapper
Target: x86_64-linux-gnu
Configured with: ../src/configure -v --with-pkgversion='Ubuntu 5.4.0-6ubuntu1~16.04.4' --with-bugurl=file:///usr/share/doc/gcc-5/README.Bugs --enable-languages=c,ada,c++,java,go,d,fortran,objc,obj-c++ --prefix=/usr --program-suffix=-5 --enable-shared --enable-linker-build-id --libexecdir=/usr/lib --without-included-gettext --enable-threads=posix --libdir=/usr/lib --enable-nls --with-sysroot=/ --enable-clocale=gnu --enable-libstdcxx-debug --enable-libstdcxx-time=yes --with-default-libstdcxx-abi=new --enable-gnu-unique-object --disable-vtable-verify --enable-libmpx --enable-plugin --with-system-zlib --disable-browser-plugin --enable-java-awt=gtk --enable-gtk-cairo --with-java-home=/usr/lib/jvm/java-1.5.0-gcj-5-amd64/jre --enable-java-home --with-jvm-root-dir=/usr/lib/jvm/java-1.5.0-gcj-5-amd64 --with-jvm-jar-dir=/usr/lib/jvm-exports/java-1.5.0-gcj-5-amd64 --with-arch-directory=amd64 --with-ecj-jar=/usr/share/java/eclipse-ecj.jar --enable-objc-gc --enable-multiarch --disable-werror --with-arch-32=i686 --with-abi=m64 --with-multilib-list=m32,m64,mx32 --enable-multilib --with-tune=generic --enable-checking=release --build=x86_64-linux-gnu --host=x86_64-linux-gnu --target=x86_64-linux-gnu
Thread model: posix
gcc version 5.4.0 20160609 (Ubuntu 5.4.0-6ubuntu1~16.04.4) 
configure:4870: $? = 0
configure:4859: gcc -V >&5
gcc: error: unrecognized command line option '-V'
gcc: fatal error: no input files
compilation terminated.
configure:4870: $? = 1
configure:4859: gcc -qversion >&5
gcc: error: unrecognized command line option '-qversion'
gcc: fatal error: no input files
compilation terminated.
configure:4870: $? = 1
configure:4874: checking whether we are using the GNU C compiler
configure:4893: gcc -c   conftest.c >&5
configure:4893: $? = 0
configure:4902: result: yes
configure:4911: checking whether gcc accepts -g
configure:4931: gcc -c -g  conftest.c >&5
configure:4931: $? = 0
configure:4972: result: yes
configure:4989: checking for gcc option to accept ISO C89
configure:5052: gcc  -c -g -O2  conftest.c >&5
configure:5052: $? = 0
configure:5065: result: none needed
configure:5090: checking whether gcc understands -c and -o together
configure:5112: gcc -c conftest.c -o conftest2.o
configure:5115: $? = 0
configure:5112: gcc -c conftest.c -o conftest2.o
configure:5115: $? = 0
configure:5127: result: yes
configure:5146: checking dependency style of gcc
configure:5257: result: gcc3
configure:5277: checking how to run the C preprocessor
configure:5308: gcc -E  conftest.c
configure:5308: $? = 0
configure:5322: gcc -E  conftest.c
conftest.c:10:28: fatal error: ac_nonexistent.h: No such file or directory
compilation terminated.
configure:5322: $? = 1
configure: failed program was:
| /* confdefs.h */
| #define PACKAGE_NAME "VERGE Core"
| #define PACKAGE_TARNAME "verge"
| #define PACKAGE_VERSION "4.0.1"
| #define PACKAGE_STRING "VERGE Core 4.0.1"
| #define PACKAGE_BUGREPORT "https://github.com/vergecurrency/VERGE/issues"
| #define PACKAGE_URL "http://VERGEcurrency.com/"
| #define HAVE_SSE2 1
| /* end confdefs.h.  */
| #include <ac_nonexistent.h>
configure:5347: result: gcc -E
configure:5367: gcc -E  conftest.c
configure:5367: $? = 0
configure:5381: gcc -E  conftest.c
conftest.c:10:28: fatal error: ac_nonexistent.h: No such file or directory
compilation terminated.
configure:5381: $? = 1
configure: failed program was:
| /* confdefs.h */
| #define PACKAGE_NAME "VERGE Core"
| #define PACKAGE_TARNAME "verge"
| #define PACKAGE_VERSION "4.0.1"
| #define PACKAGE_STRING "VERGE Core 4.0.1"
| #define PACKAGE_BUGREPORT "https://github.com/vergecurrency/VERGE/issues"
| #define PACKAGE_URL "http://VERGEcurrency.com/"
| #define HAVE_SSE2 1
| /* end confdefs.h.  */
| #include <ac_nonexistent.h>
configure:5414: checking how to run the C++ preprocessor
configure:5441: g++ -E  conftest.cpp
configure:5441: $? = 0
configure:5455: g++ -E  conftest.cpp
conftest.cpp:10:28: fatal error: ac_nonexistent.h: No such file or directory
compilation terminated.
configure:5455: $? = 1
configure: failed program was:
| /* confdefs.h */
| #define PACKAGE_NAME "VERGE Core"
| #define PACKAGE_TARNAME "verge"
| #define PACKAGE_VERSION "4.0.1"
| #define PACKAGE_STRING "VERGE Core 4.0.1"
| #define PACKAGE_BUGREPORT "https://github.com/vergecurrency/VERGE/issues"
| #define PACKAGE_URL "http://VERGEcurrency.com/"
| #define HAVE_SSE2 1
| /* end confdefs.h.  */
| #include <ac_nonexistent.h>
configure:5480: result: g++ -E
configure:5500: g++ -E  conftest.cpp
configure:5500: $? = 0
configure:5514: g++ -E  conftest.cpp
conftest.cpp:10:28: fatal error: ac_nonexistent.h: No such file or directory
compilation terminated.
configure:5514: $? = 1
configure: failed program was:
| /* confdefs.h */
| #define PACKAGE_NAME "VERGE Core"
| #define PACKAGE_TARNAME "verge"
| #define PACKAGE_VERSION "4.0.1"
| #define PACKAGE_STRING "VERGE Core 4.0.1"
| #define PACKAGE_BUGREPORT "https://github.com/vergecurrency/VERGE/issues"
| #define PACKAGE_URL "http://VERGEcurrency.com/"
| #define HAVE_SSE2 1
| /* end confdefs.h.  */
| #include <ac_nonexistent.h>
configure:5597: checking for gcc
configure:5613: found /usr/bin/gcc
configure:5624: result: gcc
configure:5649: checking for Objective C compiler version
configure:5658: gcc --version >&5
gcc (Ubuntu 5.4.0-6ubuntu1~16.04.4) 5.4.0 20160609
Copyright (C) 2015 Free Software Foundation, Inc.
This is free software; see the source for copying conditions.  There is NO
warranty; not even for MERCHANTABILITY or FITNESS FOR A PARTICULAR PURPOSE.

configure:5669: $? = 0
configure:5658: gcc -v >&5
Using built-in specs.
COLLECT_GCC=gcc
COLLECT_LTO_WRAPPER=/usr/lib/gcc/x86_64-linux-gnu/5/lto-wrapper
Target: x86_64-linux-gnu
Configured with: ../src/configure -v --with-pkgversion='Ubuntu 5.4.0-6ubuntu1~16.04.4' --with-bugurl=file:///usr/share/doc/gcc-5/README.Bugs --enable-languages=c,ada,c++,java,go,d,fortran,objc,obj-c++ --prefix=/usr --program-suffix=-5 --enable-shared --enable-linker-build-id --libexecdir=/usr/lib --without-included-gettext --enable-threads=posix --libdir=/usr/lib --enable-nls --with-sysroot=/ --enable-clocale=gnu --enable-libstdcxx-debug --enable-libstdcxx-time=yes --with-default-libstdcxx-abi=new --enable-gnu-unique-object --disable-vtable-verify --enable-libmpx --enable-plugin --with-system-zlib --disable-browser-plugin --enable-java-awt=gtk --enable-gtk-cairo --with-java-home=/usr/lib/jvm/java-1.5.0-gcj-5-amd64/jre --enable-java-home --with-jvm-root-dir=/usr/lib/jvm/java-1.5.0-gcj-5-amd64 --with-jvm-jar-dir=/usr/lib/jvm-exports/java-1.5.0-gcj-5-amd64 --with-arch-directory=amd64 --with-ecj-jar=/usr/share/java/eclipse-ecj.jar --enable-objc-gc --enable-multiarch --disable-werror --with-arch-32=i686 --with-abi=m64 --with-multilib-list=m32,m64,mx32 --enable-multilib --with-tune=generic --enable-checking=release --build=x86_64-linux-gnu --host=x86_64-linux-gnu --target=x86_64-linux-gnu
Thread model: posix
gcc version 5.4.0 20160609 (Ubuntu 5.4.0-6ubuntu1~16.04.4) 
configure:5669: $? = 0
configure:5658: gcc -V >&5
gcc: error: unrecognized command line option '-V'
gcc: fatal error: no input files
compilation terminated.
configure:5669: $? = 1
configure:5658: gcc -qversion >&5
gcc: error: unrecognized command line option '-qversion'
gcc: fatal error: no input files
compilation terminated.
configure:5669: $? = 1
configure:5673: checking whether we are using the GNU Objective C compiler
configure:5692: gcc -c   conftest.m >&5
gcc: error trying to exec 'cc1obj': execvp: No such file or directory
configure:5692: $? = 1
configure: failed program was:
| /* confdefs.h */
| #define PACKAGE_NAME "VERGE Core"
| #define PACKAGE_TARNAME "verge"
| #define PACKAGE_VERSION "4.0.1"
| #define PACKAGE_STRING "VERGE Core 4.0.1"
| #define PACKAGE_BUGREPORT "https://github.com/vergecurrency/VERGE/issues"
| #define PACKAGE_URL "http://VERGEcurrency.com/"
| #define HAVE_SSE2 1
| /* end confdefs.h.  */
| 
| int
| main ()
| {
| #ifndef __GNUC__
|        choke me
| #endif
| 
|   ;
|   return 0;
| }
configure:5701: result: no
configure:5710: checking whether gcc accepts -g
configure:5730: gcc -c -g  conftest.m >&5
gcc: error trying to exec 'cc1obj': execvp: No such file or directory
configure:5730: $? = 1
configure: failed program was:
| /* confdefs.h */
| #define PACKAGE_NAME "VERGE Core"
| #define PACKAGE_TARNAME "verge"
| #define PACKAGE_VERSION "4.0.1"
| #define PACKAGE_STRING "VERGE Core 4.0.1"
| #define PACKAGE_BUGREPORT "https://github.com/vergecurrency/VERGE/issues"
| #define PACKAGE_URL "http://VERGEcurrency.com/"
| #define HAVE_SSE2 1
| /* end confdefs.h.  */
| 
| int
| main ()
| {
| 
|   ;
|   return 0;
| }
configure:5745: gcc -c   conftest.m >&5
gcc: error trying to exec 'cc1obj': execvp: No such file or directory
configure:5745: $? = 1
configure: failed program was:
| /* confdefs.h */
| #define PACKAGE_NAME "VERGE Core"
| #define PACKAGE_TARNAME "verge"
| #define PACKAGE_VERSION "4.0.1"
| #define PACKAGE_STRING "VERGE Core 4.0.1"
| #define PACKAGE_BUGREPORT "https://github.com/vergecurrency/VERGE/issues"
| #define PACKAGE_URL "http://VERGEcurrency.com/"
| #define HAVE_SSE2 1
| /* end confdefs.h.  */
| 
| int
| main ()
| {
| 
|   ;
|   return 0;
| }
configure:5761: gcc -c -g  conftest.m >&5
gcc: error trying to exec 'cc1obj': execvp: No such file or directory
configure:5761: $? = 1
configure: failed program was:
| /* confdefs.h */
| #define PACKAGE_NAME "VERGE Core"
| #define PACKAGE_TARNAME "verge"
| #define PACKAGE_VERSION "4.0.1"
| #define PACKAGE_STRING "VERGE Core 4.0.1"
| #define PACKAGE_BUGREPORT "https://github.com/vergecurrency/VERGE/issues"
| #define PACKAGE_URL "http://VERGEcurrency.com/"
| #define HAVE_SSE2 1
| /* end confdefs.h.  */
| 
| int
| main ()
| {
| 
|   ;
|   return 0;
| }
configure:5771: result: no
configure:5796: checking dependency style of gcc
configure:5905: result: gcc3
configure:5920: checking whether ln -s works
configure:5924: result: yes
configure:5985: checking for g++
configure:6001: found /usr/bin/g++
configure:6012: result: g++
configure:6037: checking for Objective C++ compiler version
configure:6046: g++ --version >&5
g++ (Ubuntu 5.4.0-6ubuntu1~16.04.4) 5.4.0 20160609
Copyright (C) 2015 Free Software Foundation, Inc.
This is free software; see the source for copying conditions.  There is NO
warranty; not even for MERCHANTABILITY or FITNESS FOR A PARTICULAR PURPOSE.

configure:6057: $? = 0
configure:6046: g++ -v >&5
Using built-in specs.
COLLECT_GCC=g++
COLLECT_LTO_WRAPPER=/usr/lib/gcc/x86_64-linux-gnu/5/lto-wrapper
Target: x86_64-linux-gnu
Configured with: ../src/configure -v --with-pkgversion='Ubuntu 5.4.0-6ubuntu1~16.04.4' --with-bugurl=file:///usr/share/doc/gcc-5/README.Bugs --enable-languages=c,ada,c++,java,go,d,fortran,objc,obj-c++ --prefix=/usr --program-suffix=-5 --enable-shared --enable-linker-build-id --libexecdir=/usr/lib --without-included-gettext --enable-threads=posix --libdir=/usr/lib --enable-nls --with-sysroot=/ --enable-clocale=gnu --enable-libstdcxx-debug --enable-libstdcxx-time=yes --with-default-libstdcxx-abi=new --enable-gnu-unique-object --disable-vtable-verify --enable-libmpx --enable-plugin --with-system-zlib --disable-browser-plugin --enable-java-awt=gtk --enable-gtk-cairo --with-java-home=/usr/lib/jvm/java-1.5.0-gcj-5-amd64/jre --enable-java-home --with-jvm-root-dir=/usr/lib/jvm/java-1.5.0-gcj-5-amd64 --with-jvm-jar-dir=/usr/lib/jvm-exports/java-1.5.0-gcj-5-amd64 --with-arch-directory=amd64 --with-ecj-jar=/usr/share/java/eclipse-ecj.jar --enable-objc-gc --enable-multiarch --disable-werror --with-arch-32=i686 --with-abi=m64 --with-multilib-list=m32,m64,mx32 --enable-multilib --with-tune=generic --enable-checking=release --build=x86_64-linux-gnu --host=x86_64-linux-gnu --target=x86_64-linux-gnu
Thread model: posix
gcc version 5.4.0 20160609 (Ubuntu 5.4.0-6ubuntu1~16.04.4) 
configure:6057: $? = 0
configure:6046: g++ -V >&5
g++: error: unrecognized command line option '-V'
g++: fatal error: no input files
compilation terminated.
configure:6057: $? = 1
configure:6046: g++ -qversion >&5
g++: error: unrecognized command line option '-qversion'
g++: fatal error: no input files
compilation terminated.
configure:6057: $? = 1
configure:6061: checking whether we are using the GNU Objective C++ compiler
configure:6080: g++ -c   conftest.mm >&5
g++: error trying to exec 'cc1objplus': execvp: No such file or directory
configure:6080: $? = 1
configure: failed program was:
| /* confdefs.h */
| #define PACKAGE_NAME "VERGE Core"
| #define PACKAGE_TARNAME "verge"
| #define PACKAGE_VERSION "4.0.1"
| #define PACKAGE_STRING "VERGE Core 4.0.1"
| #define PACKAGE_BUGREPORT "https://github.com/vergecurrency/VERGE/issues"
| #define PACKAGE_URL "http://VERGEcurrency.com/"
| #define HAVE_SSE2 1
| /* end confdefs.h.  */
| 
| int
| main ()
| {
| #ifndef __GNUC__
|        choke me
| #endif
| 
|   ;
|   return 0;
| }
configure:6089: result: no
configure:6098: checking whether g++ accepts -g
configure:6118: g++ -c -g  conftest.mm >&5
g++: error trying to exec 'cc1objplus': execvp: No such file or directory
configure:6118: $? = 1
configure: failed program was:
| /* confdefs.h */
| #define PACKAGE_NAME "VERGE Core"
| #define PACKAGE_TARNAME "verge"
| #define PACKAGE_VERSION "4.0.1"
| #define PACKAGE_STRING "VERGE Core 4.0.1"
| #define PACKAGE_BUGREPORT "https://github.com/vergecurrency/VERGE/issues"
| #define PACKAGE_URL "http://VERGEcurrency.com/"
| #define HAVE_SSE2 1
| /* end confdefs.h.  */
| 
| int
| main ()
| {
| 
|   ;
|   return 0;
| }
configure:6133: g++ -c   conftest.mm >&5
g++: error trying to exec 'cc1objplus': execvp: No such file or directory
configure:6133: $? = 1
configure: failed program was:
| /* confdefs.h */
| #define PACKAGE_NAME "VERGE Core"
| #define PACKAGE_TARNAME "verge"
| #define PACKAGE_VERSION "4.0.1"
| #define PACKAGE_STRING "VERGE Core 4.0.1"
| #define PACKAGE_BUGREPORT "https://github.com/vergecurrency/VERGE/issues"
| #define PACKAGE_URL "http://VERGEcurrency.com/"
| #define HAVE_SSE2 1
| /* end confdefs.h.  */
| 
| int
| main ()
| {
| 
|   ;
|   return 0;
| }
configure:6149: g++ -c -g  conftest.mm >&5
g++: error trying to exec 'cc1objplus': execvp: No such file or directory
configure:6149: $? = 1
configure: failed program was:
| /* confdefs.h */
| #define PACKAGE_NAME "VERGE Core"
| #define PACKAGE_TARNAME "verge"
| #define PACKAGE_VERSION "4.0.1"
| #define PACKAGE_STRING "VERGE Core 4.0.1"
| #define PACKAGE_BUGREPORT "https://github.com/vergecurrency/VERGE/issues"
| #define PACKAGE_URL "http://VERGEcurrency.com/"
| #define HAVE_SSE2 1
| /* end confdefs.h.  */
| 
| int
| main ()
| {
| 
|   ;
|   return 0;
| }
configure:6159: result: no
configure:6184: checking dependency style of g++
configure:6293: result: gcc3
configure:6309: checking for a sed that does not truncate output
configure:6373: result: /bin/sed
configure:6424: checking for ar
configure:6442: found /usr/bin/ar
configure:6454: result: /usr/bin/ar
configure:6522: checking for ranlib
configure:6540: found /usr/bin/ranlib
configure:6552: result: /usr/bin/ranlib
configure:6620: checking for strip
configure:6638: found /usr/bin/strip
configure:6650: result: /usr/bin/strip
configure:6718: checking for gcov
configure:6736: found /usr/bin/gcov
configure:6748: result: /usr/bin/gcov
configure:6772: checking for lcov
configure:6805: result: no
configure:6812: checking for java
configure:6845: result: no
configure:6852: checking for genhtml
configure:6885: result: no
configure:6892: checking for git
configure:6910: found /usr/bin/git
configure:6922: result: /usr/bin/git
configure:6932: checking for ccache
configure:6965: result: no
configure:6972: checking for xgettext
configure:6990: found /usr/bin/xgettext
configure:7002: result: /usr/bin/xgettext
configure:7012: checking for hexdump
configure:7030: found /usr/bin/hexdump
configure:7042: result: /usr/bin/hexdump
configure:7104: checking for pkg-config
configure:7122: found /usr/bin/pkg-config
configure:7134: result: /usr/bin/pkg-config
configure:7159: checking pkg-config is at least version 0.9.0
configure:7162: result: yes
configure:8691: checking for grep that handles long lines and -e
configure:8749: result: /bin/grep
configure:8754: checking for egrep
configure:8816: result: /bin/grep -E
configure:8821: checking for ANSI C header files
configure:8841: g++ -c -g -O2 -Wall -Wextra -Wformat -Wformat-security -Wno-unused-parameter  -DBOOST_SPIRIT_THREADSAFE -DHAVE_BUILD_INFO -D__STDC_FORMAT_MACROS conftest.cpp >&5
configure:8841: $? = 0
configure:8914: g++ -o conftest -g -O2 -Wall -Wextra -Wformat -Wformat-security -Wno-unused-parameter  -DBOOST_SPIRIT_THREADSAFE -DHAVE_BUILD_INFO -D__STDC_FORMAT_MACROS  conftest.cpp  >&5
configure:8914: $? = 0
configure:8914: ./conftest
configure:8914: $? = 0
configure:8925: result: yes
configure:8938: checking for sys/types.h
configure:8938: g++ -c -g -O2 -Wall -Wextra -Wformat -Wformat-security -Wno-unused-parameter  -DBOOST_SPIRIT_THREADSAFE -DHAVE_BUILD_INFO -D__STDC_FORMAT_MACROS conftest.cpp >&5
configure:8938: $? = 0
configure:8938: result: yes
configure:8938: checking for sys/stat.h
configure:8938: g++ -c -g -O2 -Wall -Wextra -Wformat -Wformat-security -Wno-unused-parameter  -DBOOST_SPIRIT_THREADSAFE -DHAVE_BUILD_INFO -D__STDC_FORMAT_MACROS conftest.cpp >&5
configure:8938: $? = 0
configure:8938: result: yes
configure:8938: checking for stdlib.h
configure:8938: g++ -c -g -O2 -Wall -Wextra -Wformat -Wformat-security -Wno-unused-parameter  -DBOOST_SPIRIT_THREADSAFE -DHAVE_BUILD_INFO -D__STDC_FORMAT_MACROS conftest.cpp >&5
configure:8938: $? = 0
configure:8938: result: yes
configure:8938: checking for string.h
configure:8938: g++ -c -g -O2 -Wall -Wextra -Wformat -Wformat-security -Wno-unused-parameter  -DBOOST_SPIRIT_THREADSAFE -DHAVE_BUILD_INFO -D__STDC_FORMAT_MACROS conftest.cpp >&5
configure:8938: $? = 0
configure:8938: result: yes
configure:8938: checking for memory.h
configure:8938: g++ -c -g -O2 -Wall -Wextra -Wformat -Wformat-security -Wno-unused-parameter  -DBOOST_SPIRIT_THREADSAFE -DHAVE_BUILD_INFO -D__STDC_FORMAT_MACROS conftest.cpp >&5
configure:8938: $? = 0
configure:8938: result: yes
configure:8938: checking for strings.h
configure:8938: g++ -c -g -O2 -Wall -Wextra -Wformat -Wformat-security -Wno-unused-parameter  -DBOOST_SPIRIT_THREADSAFE -DHAVE_BUILD_INFO -D__STDC_FORMAT_MACROS conftest.cpp >&5
configure:8938: $? = 0
configure:8938: result: yes
configure:8938: checking for inttypes.h
configure:8938: g++ -c -g -O2 -Wall -Wextra -Wformat -Wformat-security -Wno-unused-parameter  -DBOOST_SPIRIT_THREADSAFE -DHAVE_BUILD_INFO -D__STDC_FORMAT_MACROS conftest.cpp >&5
configure:8938: $? = 0
configure:8938: result: yes
configure:8938: checking for stdint.h
configure:8938: g++ -c -g -O2 -Wall -Wextra -Wformat -Wformat-security -Wno-unused-parameter  -DBOOST_SPIRIT_THREADSAFE -DHAVE_BUILD_INFO -D__STDC_FORMAT_MACROS conftest.cpp >&5
configure:8938: $? = 0
configure:8938: result: yes
configure:8938: checking for unistd.h
configure:8938: g++ -c -g -O2 -Wall -Wextra -Wformat -Wformat-security -Wno-unused-parameter  -DBOOST_SPIRIT_THREADSAFE -DHAVE_BUILD_INFO -D__STDC_FORMAT_MACROS conftest.cpp >&5
configure:8938: $? = 0
configure:8938: result: yes
configure:8950: checking whether byte ordering is bigendian
configure:8965: g++ -c -g -O2 -Wall -Wextra -Wformat -Wformat-security -Wno-unused-parameter  -DBOOST_SPIRIT_THREADSAFE -DHAVE_BUILD_INFO -D__STDC_FORMAT_MACROS conftest.cpp >&5
conftest.cpp:21:9: error: expected unqualified-id before 'not' token
         not a universal capable compiler
         ^
configure:8965: $? = 1
configure: failed program was:
| /* confdefs.h */
| #define PACKAGE_NAME "VERGE Core"
| #define PACKAGE_TARNAME "verge"
| #define PACKAGE_VERSION "4.0.1"
| #define PACKAGE_STRING "VERGE Core 4.0.1"
| #define PACKAGE_BUGREPORT "https://github.com/vergecurrency/VERGE/issues"
| #define PACKAGE_URL "http://VERGEcurrency.com/"
| #define HAVE_SSE2 1
| #define STDC_HEADERS 1
| #define HAVE_SYS_TYPES_H 1
| #define HAVE_SYS_STAT_H 1
| #define HAVE_STDLIB_H 1
| #define HAVE_STRING_H 1
| #define HAVE_MEMORY_H 1
| #define HAVE_STRINGS_H 1
| #define HAVE_INTTYPES_H 1
| #define HAVE_STDINT_H 1
| #define HAVE_UNISTD_H 1
| /* end confdefs.h.  */
| #ifndef __APPLE_CC__
| 	       not a universal capable compiler
| 	     #endif
| 	     typedef int dummy;
| 
configure:9010: g++ -c -g -O2 -Wall -Wextra -Wformat -Wformat-security -Wno-unused-parameter  -DBOOST_SPIRIT_THREADSAFE -DHAVE_BUILD_INFO -D__STDC_FORMAT_MACROS conftest.cpp >&5
configure:9010: $? = 0
configure:9028: g++ -c -g -O2 -Wall -Wextra -Wformat -Wformat-security -Wno-unused-parameter  -DBOOST_SPIRIT_THREADSAFE -DHAVE_BUILD_INFO -D__STDC_FORMAT_MACROS conftest.cpp >&5
conftest.cpp: In function 'int main()':
conftest.cpp:27:8: error: 'big' was not declared in this scope
    not big endian
        ^
configure:9028: $? = 1
configure: failed program was:
| /* confdefs.h */
| #define PACKAGE_NAME "VERGE Core"
| #define PACKAGE_TARNAME "verge"
| #define PACKAGE_VERSION "4.0.1"
| #define PACKAGE_STRING "VERGE Core 4.0.1"
| #define PACKAGE_BUGREPORT "https://github.com/vergecurrency/VERGE/issues"
| #define PACKAGE_URL "http://VERGEcurrency.com/"
| #define HAVE_SSE2 1
| #define STDC_HEADERS 1
| #define HAVE_SYS_TYPES_H 1
| #define HAVE_SYS_STAT_H 1
| #define HAVE_STDLIB_H 1
| #define HAVE_STRING_H 1
| #define HAVE_MEMORY_H 1
| #define HAVE_STRINGS_H 1
| #define HAVE_INTTYPES_H 1
| #define HAVE_STDINT_H 1
| #define HAVE_UNISTD_H 1
| /* end confdefs.h.  */
| #include <sys/types.h>
| 		#include <sys/param.h>
| 
| int
| main ()
| {
| #if BYTE_ORDER != BIG_ENDIAN
| 		 not big endian
| 		#endif
| 
|   ;
|   return 0;
| }
configure:9156: result: no
configure:9287: checking if compiler needs -Werror to reject unknown flags
configure:9303: gcc -c -g -O2 -Wall -Wextra -Wformat -Wformat-security -Wno-unused-parameter -std=c99 -DHAVE_BUILD_INFO -Werror -Wunknown-warning-option -Wsizeof-array-argument  -DBOOST_SPIRIT_THREADSAFE -DHAVE_BUILD_INFO -D__STDC_FORMAT_MACROS conftest.c >&5
gcc: error: unrecognized command line option '-Wunknown-warning-option'
configure:9303: $? = 1
configure: failed program was:
| /* confdefs.h */
| #define PACKAGE_NAME "VERGE Core"
| #define PACKAGE_TARNAME "verge"
| #define PACKAGE_VERSION "4.0.1"
| #define PACKAGE_STRING "VERGE Core 4.0.1"
| #define PACKAGE_BUGREPORT "https://github.com/vergecurrency/VERGE/issues"
| #define PACKAGE_URL "http://VERGEcurrency.com/"
| #define HAVE_SSE2 1
| #define STDC_HEADERS 1
| #define HAVE_SYS_TYPES_H 1
| #define HAVE_SYS_STAT_H 1
| #define HAVE_STDLIB_H 1
| #define HAVE_STRING_H 1
| #define HAVE_MEMORY_H 1
| #define HAVE_STRINGS_H 1
| #define HAVE_INTTYPES_H 1
| #define HAVE_STDINT_H 1
| #define HAVE_UNISTD_H 1
| /* end confdefs.h.  */
| int foo(void);
| int
| main ()
| {
| foo()
|   ;
|   return 0;
| }
configure:9308: result: no
configure:9374: checking for the pthreads library -lpthreads
configure:9412: gcc -o conftest -g -O2 -Wall -Wextra -Wformat -Wformat-security -Wno-unused-parameter -std=c99 -DHAVE_BUILD_INFO    -DBOOST_SPIRIT_THREADSAFE -DHAVE_BUILD_INFO -D__STDC_FORMAT_MACROS  conftest.c -lpthreads  >&5
conftest.c: In function 'routine':
conftest.c:21:51: warning: parameter 'a' set but not used [-Wunused-but-set-parameter]
                         static void routine(void *a) { a = 0; }
                                                   ^
/usr/bin/ld: cannot find -lpthreads
collect2: error: ld returned 1 exit status
configure:9412: $? = 1
configure: failed program was:
| /* confdefs.h */
| #define PACKAGE_NAME "VERGE Core"
| #define PACKAGE_TARNAME "verge"
| #define PACKAGE_VERSION "4.0.1"
| #define PACKAGE_STRING "VERGE Core 4.0.1"
| #define PACKAGE_BUGREPORT "https://github.com/vergecurrency/VERGE/issues"
| #define PACKAGE_URL "http://VERGEcurrency.com/"
| #define HAVE_SSE2 1
| #define STDC_HEADERS 1
| #define HAVE_SYS_TYPES_H 1
| #define HAVE_SYS_STAT_H 1
| #define HAVE_STDLIB_H 1
| #define HAVE_STRING_H 1
| #define HAVE_MEMORY_H 1
| #define HAVE_STRINGS_H 1
| #define HAVE_INTTYPES_H 1
| #define HAVE_STDINT_H 1
| #define HAVE_UNISTD_H 1
| /* end confdefs.h.  */
| #include <pthread.h>
|                         static void routine(void *a) { a = 0; }
|                         static void *start_routine(void *a) { return a; }
| int
| main ()
| {
| pthread_t th; pthread_attr_t attr;
|                         pthread_create(&th, 0, start_routine, 0);
|                         pthread_join(th, 0);
|                         pthread_attr_init(&attr);
|                         pthread_cleanup_push(routine, 0);
|                         pthread_cleanup_pop(0) /* ; */
|   ;
|   return 0;
| }
configure:9421: result: no
configure:9319: checking whether pthreads work without any flags
configure:9412: gcc -o conftest -g -O2 -Wall -Wextra -Wformat -Wformat-security -Wno-unused-parameter -std=c99 -DHAVE_BUILD_INFO    -DBOOST_SPIRIT_THREADSAFE -DHAVE_BUILD_INFO -D__STDC_FORMAT_MACROS  conftest.c   >&5
conftest.c: In function 'routine':
conftest.c:21:51: warning: parameter 'a' set but not used [-Wunused-but-set-parameter]
                         static void routine(void *a) { a = 0; }
                                                   ^
/tmp/ccdckErs.o: In function `main':
/home/coinharvest/VERGE/conftest.c:27: undefined reference to `pthread_create'
/home/coinharvest/VERGE/conftest.c:28: undefined reference to `pthread_join'
/home/coinharvest/VERGE/conftest.c:30: undefined reference to `__pthread_register_cancel'
/home/coinharvest/VERGE/conftest.c:31: undefined reference to `__pthread_unregister_cancel'
collect2: error: ld returned 1 exit status
configure:9412: $? = 1
configure: failed program was:
| /* confdefs.h */
| #define PACKAGE_NAME "VERGE Core"
| #define PACKAGE_TARNAME "verge"
| #define PACKAGE_VERSION "4.0.1"
| #define PACKAGE_STRING "VERGE Core 4.0.1"
| #define PACKAGE_BUGREPORT "https://github.com/vergecurrency/VERGE/issues"
| #define PACKAGE_URL "http://VERGEcurrency.com/"
| #define HAVE_SSE2 1
| #define STDC_HEADERS 1
| #define HAVE_SYS_TYPES_H 1
| #define HAVE_SYS_STAT_H 1
| #define HAVE_STDLIB_H 1
| #define HAVE_STRING_H 1
| #define HAVE_MEMORY_H 1
| #define HAVE_STRINGS_H 1
| #define HAVE_INTTYPES_H 1
| #define HAVE_STDINT_H 1
| #define HAVE_UNISTD_H 1
| /* end confdefs.h.  */
| #include <pthread.h>
|                         static void routine(void *a) { a = 0; }
|                         static void *start_routine(void *a) { return a; }
| int
| main ()
| {
| pthread_t th; pthread_attr_t attr;
|                         pthread_create(&th, 0, start_routine, 0);
|                         pthread_join(th, 0);
|                         pthread_attr_init(&attr);
|                         pthread_cleanup_push(routine, 0);
|                         pthread_cleanup_pop(0) /* ; */
|   ;
|   return 0;
| }
configure:9421: result: no
configure:9324: checking whether pthreads work with -Kthread
configure:9412: gcc -o conftest -g -O2 -Wall -Wextra -Wformat -Wformat-security -Wno-unused-parameter -std=c99 -DHAVE_BUILD_INFO -Kthread   -DBOOST_SPIRIT_THREADSAFE -DHAVE_BUILD_INFO -D__STDC_FORMAT_MACROS  conftest.c   >&5
gcc: error: unrecognized command line option '-Kthread'
configure:9412: $? = 1
configure: failed program was:
| /* confdefs.h */
| #define PACKAGE_NAME "VERGE Core"
| #define PACKAGE_TARNAME "verge"
| #define PACKAGE_VERSION "4.0.1"
| #define PACKAGE_STRING "VERGE Core 4.0.1"
| #define PACKAGE_BUGREPORT "https://github.com/vergecurrency/VERGE/issues"
| #define PACKAGE_URL "http://VERGEcurrency.com/"
| #define HAVE_SSE2 1
| #define STDC_HEADERS 1
| #define HAVE_SYS_TYPES_H 1
| #define HAVE_SYS_STAT_H 1
| #define HAVE_STDLIB_H 1
| #define HAVE_STRING_H 1
| #define HAVE_MEMORY_H 1
| #define HAVE_STRINGS_H 1
| #define HAVE_INTTYPES_H 1
| #define HAVE_STDINT_H 1
| #define HAVE_UNISTD_H 1
| /* end confdefs.h.  */
| #include <pthread.h>
|                         static void routine(void *a) { a = 0; }
|                         static void *start_routine(void *a) { return a; }
| int
| main ()
| {
| pthread_t th; pthread_attr_t attr;
|                         pthread_create(&th, 0, start_routine, 0);
|                         pthread_join(th, 0);
|                         pthread_attr_init(&attr);
|                         pthread_cleanup_push(routine, 0);
|                         pthread_cleanup_pop(0) /* ; */
|   ;
|   return 0;
| }
configure:9421: result: no
configure:9324: checking whether pthreads work with -kthread
configure:9412: gcc -o conftest -g -O2 -Wall -Wextra -Wformat -Wformat-security -Wno-unused-parameter -std=c99 -DHAVE_BUILD_INFO -kthread   -DBOOST_SPIRIT_THREADSAFE -DHAVE_BUILD_INFO -D__STDC_FORMAT_MACROS  conftest.c   >&5
gcc: error: unrecognized command line option '-kthread'
configure:9412: $? = 1
configure: failed program was:
| /* confdefs.h */
| #define PACKAGE_NAME "VERGE Core"
| #define PACKAGE_TARNAME "verge"
| #define PACKAGE_VERSION "4.0.1"
| #define PACKAGE_STRING "VERGE Core 4.0.1"
| #define PACKAGE_BUGREPORT "https://github.com/vergecurrency/VERGE/issues"
| #define PACKAGE_URL "http://VERGEcurrency.com/"
| #define HAVE_SSE2 1
| #define STDC_HEADERS 1
| #define HAVE_SYS_TYPES_H 1
| #define HAVE_SYS_STAT_H 1
| #define HAVE_STDLIB_H 1
| #define HAVE_STRING_H 1
| #define HAVE_MEMORY_H 1
| #define HAVE_STRINGS_H 1
| #define HAVE_INTTYPES_H 1
| #define HAVE_STDINT_H 1
| #define HAVE_UNISTD_H 1
| /* end confdefs.h.  */
| #include <pthread.h>
|                         static void routine(void *a) { a = 0; }
|                         static void *start_routine(void *a) { return a; }
| int
| main ()
| {
| pthread_t th; pthread_attr_t attr;
|                         pthread_create(&th, 0, start_routine, 0);
|                         pthread_join(th, 0);
|                         pthread_attr_init(&attr);
|                         pthread_cleanup_push(routine, 0);
|                         pthread_cleanup_pop(0) /* ; */
|   ;
|   return 0;
| }
configure:9421: result: no
configure:9374: checking for the pthreads library -llthread
configure:9412: gcc -o conftest -g -O2 -Wall -Wextra -Wformat -Wformat-security -Wno-unused-parameter -std=c99 -DHAVE_BUILD_INFO    -DBOOST_SPIRIT_THREADSAFE -DHAVE_BUILD_INFO -D__STDC_FORMAT_MACROS  conftest.c -llthread  >&5
conftest.c: In function 'routine':
conftest.c:21:51: warning: parameter 'a' set but not used [-Wunused-but-set-parameter]
                         static void routine(void *a) { a = 0; }
                                                   ^
/usr/bin/ld: cannot find -llthread
collect2: error: ld returned 1 exit status
configure:9412: $? = 1
configure: failed program was:
| /* confdefs.h */
| #define PACKAGE_NAME "VERGE Core"
| #define PACKAGE_TARNAME "verge"
| #define PACKAGE_VERSION "4.0.1"
| #define PACKAGE_STRING "VERGE Core 4.0.1"
| #define PACKAGE_BUGREPORT "https://github.com/vergecurrency/VERGE/issues"
| #define PACKAGE_URL "http://VERGEcurrency.com/"
| #define HAVE_SSE2 1
| #define STDC_HEADERS 1
| #define HAVE_SYS_TYPES_H 1
| #define HAVE_SYS_STAT_H 1
| #define HAVE_STDLIB_H 1
| #define HAVE_STRING_H 1
| #define HAVE_MEMORY_H 1
| #define HAVE_STRINGS_H 1
| #define HAVE_INTTYPES_H 1
| #define HAVE_STDINT_H 1
| #define HAVE_UNISTD_H 1
| /* end confdefs.h.  */
| #include <pthread.h>
|                         static void routine(void *a) { a = 0; }
|                         static void *start_routine(void *a) { return a; }
| int
| main ()
| {
| pthread_t th; pthread_attr_t attr;
|                         pthread_create(&th, 0, start_routine, 0);
|                         pthread_join(th, 0);
|                         pthread_attr_init(&attr);
|                         pthread_cleanup_push(routine, 0);
|                         pthread_cleanup_pop(0) /* ; */
|   ;
|   return 0;
| }
configure:9421: result: no
configure:9324: checking whether pthreads work with -pthread
configure:9412: gcc -o conftest -g -O2 -Wall -Wextra -Wformat -Wformat-security -Wno-unused-parameter -std=c99 -DHAVE_BUILD_INFO -pthread   -DBOOST_SPIRIT_THREADSAFE -DHAVE_BUILD_INFO -D__STDC_FORMAT_MACROS  conftest.c   >&5
conftest.c: In function 'routine':
conftest.c:21:51: warning: parameter 'a' set but not used [-Wunused-but-set-parameter]
                         static void routine(void *a) { a = 0; }
                                                   ^
configure:9412: $? = 0
configure:9421: result: yes
configure:9440: checking for joinable pthread attribute
configure:9455: gcc -o conftest -g -O2 -Wall -Wextra -Wformat -Wformat-security -Wno-unused-parameter -std=c99 -DHAVE_BUILD_INFO -pthread  -DBOOST_SPIRIT_THREADSAFE -DHAVE_BUILD_INFO -D__STDC_FORMAT_MACROS  conftest.c   >&5
configure:9455: $? = 0
configure:9461: result: PTHREAD_CREATE_JOINABLE
configure:9471: checking if more special flags are required for pthreads
configure:9486: result: no
configure:9492: checking for PTHREAD_PRIO_INHERIT
configure:9509: gcc -o conftest -g -O2 -Wall -Wextra -Wformat -Wformat-security -Wno-unused-parameter -std=c99 -DHAVE_BUILD_INFO -pthread  -DBOOST_SPIRIT_THREADSAFE -DHAVE_BUILD_INFO -D__STDC_FORMAT_MACROS  conftest.c   >&5
conftest.c: In function 'main':
conftest.c:24:9: error: 'PTHREAD_PRIO_INHERIT' undeclared (first use in this function)
 int i = PTHREAD_PRIO_INHERIT;
         ^
conftest.c:24:9: note: each undeclared identifier is reported only once for each function it appears in
conftest.c:24:5: warning: unused variable 'i' [-Wunused-variable]
 int i = PTHREAD_PRIO_INHERIT;
     ^
configure:9509: $? = 1
configure: failed program was:
| /* confdefs.h */
| #define PACKAGE_NAME "VERGE Core"
| #define PACKAGE_TARNAME "verge"
| #define PACKAGE_VERSION "4.0.1"
| #define PACKAGE_STRING "VERGE Core 4.0.1"
| #define PACKAGE_BUGREPORT "https://github.com/vergecurrency/VERGE/issues"
| #define PACKAGE_URL "http://VERGEcurrency.com/"
| #define HAVE_SSE2 1
| #define STDC_HEADERS 1
| #define HAVE_SYS_TYPES_H 1
| #define HAVE_SYS_STAT_H 1
| #define HAVE_STDLIB_H 1
| #define HAVE_STRING_H 1
| #define HAVE_MEMORY_H 1
| #define HAVE_STRINGS_H 1
| #define HAVE_INTTYPES_H 1
| #define HAVE_STDINT_H 1
| #define HAVE_UNISTD_H 1
| /* end confdefs.h.  */
| #include <pthread.h>
| int
| main ()
| {
| int i = PTHREAD_PRIO_INHERIT;
|   ;
|   return 0;
| }
configure:9518: result: no
configure:9629: checking for special C compiler options needed for large files
configure:9674: result: no
configure:9680: checking for _FILE_OFFSET_BITS value needed for large files
configure:9705: g++ -c -g -O2 -Wall -Wextra -Wformat -Wformat-security -Wno-unused-parameter  -DBOOST_SPIRIT_THREADSAFE -DHAVE_BUILD_INFO -D__STDC_FORMAT_MACROS conftest.cpp >&5
configure:9705: $? = 0
configure:9737: result: no
configure:9823: checking whether strerror_r is declared
configure:9823: g++ -c -g -O2 -Wall -Wextra -Wformat -Wformat-security -Wno-unused-parameter  -DBOOST_SPIRIT_THREADSAFE -DHAVE_BUILD_INFO -D__STDC_FORMAT_MACROS conftest.cpp >&5
configure:9823: $? = 0
configure:9823: result: yes
configure:9836: checking for strerror_r
configure:9836: g++ -o conftest -g -O2 -Wall -Wextra -Wformat -Wformat-security -Wno-unused-parameter  -DBOOST_SPIRIT_THREADSAFE -DHAVE_BUILD_INFO -D__STDC_FORMAT_MACROS  conftest.cpp  >&5
configure:9836: $? = 0
configure:9836: result: yes
configure:9845: checking whether strerror_r returns char *
configure:9869: g++ -c -g -O2 -Wall -Wextra -Wformat -Wformat-security -Wno-unused-parameter  -DBOOST_SPIRIT_THREADSAFE -DHAVE_BUILD_INFO -D__STDC_FORMAT_MACROS conftest.cpp >&5
configure:9869: $? = 0
configure:9907: result: yes
configure:9928: checking whether the linker accepts -Wl,--large-address-aware
configure:9947: g++ -o conftest -g -O2 -Wall -Wextra -Wformat -Wformat-security -Wno-unused-parameter  -DBOOST_SPIRIT_THREADSAFE -DHAVE_BUILD_INFO -D__STDC_FORMAT_MACROS   -Wl,--large-address-aware conftest.cpp  >&5
/usr/bin/ld: unrecognized option '--large-address-aware'
/usr/bin/ld: use the --help option for usage information
collect2: error: ld returned 1 exit status
configure:9947: $? = 1
configure: failed program was:
| /* confdefs.h */
| #define PACKAGE_NAME "VERGE Core"
| #define PACKAGE_TARNAME "verge"
| #define PACKAGE_VERSION "4.0.1"
| #define PACKAGE_STRING "VERGE Core 4.0.1"
| #define PACKAGE_BUGREPORT "https://github.com/vergecurrency/VERGE/issues"
| #define PACKAGE_URL "http://VERGEcurrency.com/"
| #define HAVE_SSE2 1
| #define STDC_HEADERS 1
| #define HAVE_SYS_TYPES_H 1
| #define HAVE_SYS_STAT_H 1
| #define HAVE_STDLIB_H 1
| #define HAVE_STRING_H 1
| #define HAVE_MEMORY_H 1
| #define HAVE_STRINGS_H 1
| #define HAVE_INTTYPES_H 1
| #define HAVE_STDINT_H 1
| #define HAVE_UNISTD_H 1
| #define HAVE_PTHREAD 1
| #define HAVE_DECL_STRERROR_R 1
| #define HAVE_STRERROR_R 1
| #define STRERROR_R_CHAR_P 1
| /* end confdefs.h.  */
| 
| int
| main ()
| {
| 
|   ;
|   return 0;
| }
configure:9956: result: no
configure:10001: checking whether C++ compiler accepts -Wstack-protector
configure:10020: g++ -c -g -O2 -Wall -Wextra -Wformat -Wformat-security -Wno-unused-parameter  -Wstack-protector  -DBOOST_SPIRIT_THREADSAFE -DHAVE_BUILD_INFO -D__STDC_FORMAT_MACROS conftest.cpp >&5
configure:10020: $? = 0
configure:10028: result: yes
configure:10036: checking whether C++ compiler accepts -fstack-protector-all
configure:10055: g++ -c -g -O2 -Wall -Wextra -Wformat -Wformat-security -Wno-unused-parameter  -fstack-protector-all  -DBOOST_SPIRIT_THREADSAFE -DHAVE_BUILD_INFO -D__STDC_FORMAT_MACROS conftest.cpp >&5
configure:10055: $? = 0
configure:10063: result: yes
configure:10073: checking whether C++ compiler accepts -fPIE
configure:10092: g++ -c -g -O2 -Wall -Wextra -Wformat -Wformat-security -Wno-unused-parameter  -fPIE  -DBOOST_SPIRIT_THREADSAFE -DHAVE_BUILD_INFO -D__STDC_FORMAT_MACROS conftest.cpp >&5
configure:10092: $? = 0
configure:10100: result: yes
configure:10110: checking whether C++ preprocessor accepts -D_FORTIFY_SOURCE=2
configure:10129: g++ -E  -DBOOST_SPIRIT_THREADSAFE -DHAVE_BUILD_INFO -D__STDC_FORMAT_MACROS  -D_FORTIFY_SOURCE=2 conftest.cpp
configure:10129: $? = 0
configure:10137: result: yes
configure:10141: checking whether C++ preprocessor accepts -U_FORTIFY_SOURCE
configure:10160: g++ -E  -DBOOST_SPIRIT_THREADSAFE -DHAVE_BUILD_INFO -D__STDC_FORMAT_MACROS  -U_FORTIFY_SOURCE conftest.cpp
configure:10160: $? = 0
configure:10168: result: yes
configure:10185: checking whether the linker accepts -Wl,--dynamicbase
configure:10204: g++ -o conftest -g -O2 -Wall -Wextra -Wformat -Wformat-security -Wno-unused-parameter  -DBOOST_SPIRIT_THREADSAFE -DHAVE_BUILD_INFO -D__STDC_FORMAT_MACROS   -Wl,--dynamicbase conftest.cpp  >&5
/usr/bin/ld: unrecognized option '--dynamicbase'
/usr/bin/ld: use the --help option for usage information
collect2: error: ld returned 1 exit status
configure:10204: $? = 1
configure: failed program was:
| /* confdefs.h */
| #define PACKAGE_NAME "VERGE Core"
| #define PACKAGE_TARNAME "verge"
| #define PACKAGE_VERSION "4.0.1"
| #define PACKAGE_STRING "VERGE Core 4.0.1"
| #define PACKAGE_BUGREPORT "https://github.com/vergecurrency/VERGE/issues"
| #define PACKAGE_URL "http://VERGEcurrency.com/"
| #define HAVE_SSE2 1
| #define STDC_HEADERS 1
| #define HAVE_SYS_TYPES_H 1
| #define HAVE_SYS_STAT_H 1
| #define HAVE_STDLIB_H 1
| #define HAVE_STRING_H 1
| #define HAVE_MEMORY_H 1
| #define HAVE_STRINGS_H 1
| #define HAVE_INTTYPES_H 1
| #define HAVE_STDINT_H 1
| #define HAVE_UNISTD_H 1
| #define HAVE_PTHREAD 1
| #define HAVE_DECL_STRERROR_R 1
| #define HAVE_STRERROR_R 1
| #define STRERROR_R_CHAR_P 1
| /* end confdefs.h.  */
| 
| int
| main ()
| {
| 
|   ;
|   return 0;
| }
configure:10213: result: no
configure:10221: checking whether the linker accepts -Wl,--nxcompat
configure:10240: g++ -o conftest -g -O2 -Wall -Wextra -Wformat -Wformat-security -Wno-unused-parameter  -DBOOST_SPIRIT_THREADSAFE -DHAVE_BUILD_INFO -D__STDC_FORMAT_MACROS   -Wl,--nxcompat conftest.cpp  >&5
/usr/bin/ld: unrecognized option '--nxcompat'
/usr/bin/ld: use the --help option for usage information
collect2: error: ld returned 1 exit status
configure:10240: $? = 1
configure: failed program was:
| /* confdefs.h */
| #define PACKAGE_NAME "VERGE Core"
| #define PACKAGE_TARNAME "verge"
| #define PACKAGE_VERSION "4.0.1"
| #define PACKAGE_STRING "VERGE Core 4.0.1"
| #define PACKAGE_BUGREPORT "https://github.com/vergecurrency/VERGE/issues"
| #define PACKAGE_URL "http://VERGEcurrency.com/"
| #define HAVE_SSE2 1
| #define STDC_HEADERS 1
| #define HAVE_SYS_TYPES_H 1
| #define HAVE_SYS_STAT_H 1
| #define HAVE_STDLIB_H 1
| #define HAVE_STRING_H 1
| #define HAVE_MEMORY_H 1
| #define HAVE_STRINGS_H 1
| #define HAVE_INTTYPES_H 1
| #define HAVE_STDINT_H 1
| #define HAVE_UNISTD_H 1
| #define HAVE_PTHREAD 1
| #define HAVE_DECL_STRERROR_R 1
| #define HAVE_STRERROR_R 1
| #define STRERROR_R_CHAR_P 1
| /* end confdefs.h.  */
| 
| int
| main ()
| {
| 
|   ;
|   return 0;
| }
configure:10249: result: no
configure:10257: checking whether the linker accepts -Wl,-z,relro
configure:10276: g++ -o conftest -g -O2 -Wall -Wextra -Wformat -Wformat-security -Wno-unused-parameter  -DBOOST_SPIRIT_THREADSAFE -DHAVE_BUILD_INFO -D__STDC_FORMAT_MACROS   -Wl,-z,relro conftest.cpp  >&5
configure:10276: $? = 0
configure:10285: result: yes
configure:10293: checking whether the linker accepts -Wl,-z,now
configure:10312: g++ -o conftest -g -O2 -Wall -Wextra -Wformat -Wformat-security -Wno-unused-parameter  -DBOOST_SPIRIT_THREADSAFE -DHAVE_BUILD_INFO -D__STDC_FORMAT_MACROS   -Wl,-z,now conftest.cpp  >&5
configure:10312: $? = 0
configure:10321: result: yes
configure:10332: checking whether the linker accepts -pie
configure:10351: g++ -o conftest -g -O2 -Wall -Wextra -Wformat -Wformat-security -Wno-unused-parameter  -DBOOST_SPIRIT_THREADSAFE -DHAVE_BUILD_INFO -D__STDC_FORMAT_MACROS   -pie conftest.cpp  >&5
configure:10351: $? = 0
configure:10360: result: yes
configure:10419: checking endian.h usability
configure:10419: g++ -c -g -O2 -Wall -Wextra -Wformat -Wformat-security -Wno-unused-parameter  -Wstack-protector -fstack-protector-all -fPIE -fPIC  -DBOOST_SPIRIT_THREADSAFE -DHAVE_BUILD_INFO -D__STDC_FORMAT_MACROS  -U_FORTIFY_SOURCE -D_FORTIFY_SOURCE=2 conftest.cpp >&5
configure:10419: $? = 0
configure:10419: result: yes
configure:10419: checking endian.h presence
configure:10419: g++ -E  -DBOOST_SPIRIT_THREADSAFE -DHAVE_BUILD_INFO -D__STDC_FORMAT_MACROS  -U_FORTIFY_SOURCE -D_FORTIFY_SOURCE=2 conftest.cpp
configure:10419: $? = 0
configure:10419: result: yes
configure:10419: checking for endian.h
configure:10419: result: yes
configure:10419: checking stdio.h usability
configure:10419: g++ -c -g -O2 -Wall -Wextra -Wformat -Wformat-security -Wno-unused-parameter  -Wstack-protector -fstack-protector-all -fPIE -fPIC  -DBOOST_SPIRIT_THREADSAFE -DHAVE_BUILD_INFO -D__STDC_FORMAT_MACROS  -U_FORTIFY_SOURCE -D_FORTIFY_SOURCE=2 conftest.cpp >&5
configure:10419: $? = 0
configure:10419: result: yes
configure:10419: checking stdio.h presence
configure:10419: g++ -E  -DBOOST_SPIRIT_THREADSAFE -DHAVE_BUILD_INFO -D__STDC_FORMAT_MACROS  -U_FORTIFY_SOURCE -D_FORTIFY_SOURCE=2 conftest.cpp
configure:10419: $? = 0
configure:10419: result: yes
configure:10419: checking for stdio.h
configure:10419: result: yes
configure:10419: checking for stdlib.h
configure:10419: result: yes
configure:10419: checking for unistd.h
configure:10419: result: yes
configure:10419: checking for strings.h
configure:10419: result: yes
configure:10419: checking for sys/types.h
configure:10419: result: yes
configure:10419: checking for sys/stat.h
configure:10419: result: yes
configure:10419: checking sys/select.h usability
configure:10419: g++ -c -g -O2 -Wall -Wextra -Wformat -Wformat-security -Wno-unused-parameter  -Wstack-protector -fstack-protector-all -fPIE -fPIC  -DBOOST_SPIRIT_THREADSAFE -DHAVE_BUILD_INFO -D__STDC_FORMAT_MACROS  -U_FORTIFY_SOURCE -D_FORTIFY_SOURCE=2 conftest.cpp >&5
configure:10419: $? = 0
configure:10419: result: yes
configure:10419: checking sys/select.h presence
configure:10419: g++ -E  -DBOOST_SPIRIT_THREADSAFE -DHAVE_BUILD_INFO -D__STDC_FORMAT_MACROS  -U_FORTIFY_SOURCE -D_FORTIFY_SOURCE=2 conftest.cpp
configure:10419: $? = 0
configure:10419: result: yes
configure:10419: checking for sys/select.h
configure:10419: result: yes
configure:10430: checking whether le32toh is declared
configure:10430: g++ -c -g -O2 -Wall -Wextra -Wformat -Wformat-security -Wno-unused-parameter  -Wstack-protector -fstack-protector-all -fPIE -fPIC  -DBOOST_SPIRIT_THREADSAFE -DHAVE_BUILD_INFO -D__STDC_FORMAT_MACROS  -U_FORTIFY_SOURCE -D_FORTIFY_SOURCE=2 conftest.cpp >&5
configure:10430: $? = 0
configure:10430: result: yes
configure:10443: checking whether le64toh is declared
configure:10443: g++ -c -g -O2 -Wall -Wextra -Wformat -Wformat-security -Wno-unused-parameter  -Wstack-protector -fstack-protector-all -fPIE -fPIC  -DBOOST_SPIRIT_THREADSAFE -DHAVE_BUILD_INFO -D__STDC_FORMAT_MACROS  -U_FORTIFY_SOURCE -D_FORTIFY_SOURCE=2 conftest.cpp >&5
configure:10443: $? = 0
configure:10443: result: yes
configure:10456: checking whether htole32 is declared
configure:10456: g++ -c -g -O2 -Wall -Wextra -Wformat -Wformat-security -Wno-unused-parameter  -Wstack-protector -fstack-protector-all -fPIE -fPIC  -DBOOST_SPIRIT_THREADSAFE -DHAVE_BUILD_INFO -D__STDC_FORMAT_MACROS  -U_FORTIFY_SOURCE -D_FORTIFY_SOURCE=2 conftest.cpp >&5
configure:10456: $? = 0
configure:10456: result: yes
configure:10469: checking whether htole64 is declared
configure:10469: g++ -c -g -O2 -Wall -Wextra -Wformat -Wformat-security -Wno-unused-parameter  -Wstack-protector -fstack-protector-all -fPIE -fPIC  -DBOOST_SPIRIT_THREADSAFE -DHAVE_BUILD_INFO -D__STDC_FORMAT_MACROS  -U_FORTIFY_SOURCE -D_FORTIFY_SOURCE=2 conftest.cpp >&5
configure:10469: $? = 0
configure:10469: result: yes
configure:10482: checking whether be32toh is declared
configure:10482: g++ -c -g -O2 -Wall -Wextra -Wformat -Wformat-security -Wno-unused-parameter  -Wstack-protector -fstack-protector-all -fPIE -fPIC  -DBOOST_SPIRIT_THREADSAFE -DHAVE_BUILD_INFO -D__STDC_FORMAT_MACROS  -U_FORTIFY_SOURCE -D_FORTIFY_SOURCE=2 conftest.cpp >&5
configure:10482: $? = 0
configure:10482: result: yes
configure:10495: checking whether be64toh is declared
configure:10495: g++ -c -g -O2 -Wall -Wextra -Wformat -Wformat-security -Wno-unused-parameter  -Wstack-protector -fstack-protector-all -fPIE -fPIC  -DBOOST_SPIRIT_THREADSAFE -DHAVE_BUILD_INFO -D__STDC_FORMAT_MACROS  -U_FORTIFY_SOURCE -D_FORTIFY_SOURCE=2 conftest.cpp >&5
configure:10495: $? = 0
configure:10495: result: yes
configure:10508: checking whether htobe32 is declared
configure:10508: g++ -c -g -O2 -Wall -Wextra -Wformat -Wformat-security -Wno-unused-parameter  -Wstack-protector -fstack-protector-all -fPIE -fPIC  -DBOOST_SPIRIT_THREADSAFE -DHAVE_BUILD_INFO -D__STDC_FORMAT_MACROS  -U_FORTIFY_SOURCE -D_FORTIFY_SOURCE=2 conftest.cpp >&5
configure:10508: $? = 0
configure:10508: result: yes
configure:10521: checking whether htobe64 is declared
configure:10521: g++ -c -g -O2 -Wall -Wextra -Wformat -Wformat-security -Wno-unused-parameter  -Wstack-protector -fstack-protector-all -fPIE -fPIC  -DBOOST_SPIRIT_THREADSAFE -DHAVE_BUILD_INFO -D__STDC_FORMAT_MACROS  -U_FORTIFY_SOURCE -D_FORTIFY_SOURCE=2 conftest.cpp >&5
configure:10521: $? = 0
configure:10521: result: yes
configure:10536: checking for MSG_NOSIGNAL
configure:10549: g++ -c -g -O2 -Wall -Wextra -Wformat -Wformat-security -Wno-unused-parameter  -Wstack-protector -fstack-protector-all -fPIE -fPIC  -DBOOST_SPIRIT_THREADSAFE -DHAVE_BUILD_INFO -D__STDC_FORMAT_MACROS  -U_FORTIFY_SOURCE -D_FORTIFY_SOURCE=2 conftest.cpp >&5
conftest.cpp: In function 'int main()':
conftest.cpp:44:6: warning: unused variable 'f' [-Wunused-variable]
  int f = MSG_NOSIGNAL;
      ^
configure:10549: $? = 0
configure:10550: result: yes
configure:10578: checking for Berkeley DB C++ headers
configure:10609: g++ -c -g -O2 -Wall -Wextra -Wformat -Wformat-security -Wno-unused-parameter  -Wstack-protector -fstack-protector-all -fPIE -fPIC  -DBOOST_SPIRIT_THREADSAFE -DHAVE_BUILD_INFO -D__STDC_FORMAT_MACROS  -U_FORTIFY_SOURCE -D_FORTIFY_SOURCE=2 conftest.cpp >&5
conftest.cpp:42:33: fatal error: bdb4.8/db_cxx.h: No such file or directory
compilation terminated.
configure:10609: $? = 1
configure: failed program was:
| /* confdefs.h */
| #define PACKAGE_NAME "VERGE Core"
| #define PACKAGE_TARNAME "verge"
| #define PACKAGE_VERSION "4.0.1"
| #define PACKAGE_STRING "VERGE Core 4.0.1"
| #define PACKAGE_BUGREPORT "https://github.com/vergecurrency/VERGE/issues"
| #define PACKAGE_URL "http://VERGEcurrency.com/"
| #define HAVE_SSE2 1
| #define STDC_HEADERS 1
| #define HAVE_SYS_TYPES_H 1
| #define HAVE_SYS_STAT_H 1
| #define HAVE_STDLIB_H 1
| #define HAVE_STRING_H 1
| #define HAVE_MEMORY_H 1
| #define HAVE_STRINGS_H 1
| #define HAVE_INTTYPES_H 1
| #define HAVE_STDINT_H 1
| #define HAVE_UNISTD_H 1
| #define HAVE_PTHREAD 1
| #define HAVE_DECL_STRERROR_R 1
| #define HAVE_STRERROR_R 1
| #define STRERROR_R_CHAR_P 1
| #define HAVE_ENDIAN_H 1
| #define HAVE_STDIO_H 1
| #define HAVE_STDLIB_H 1
| #define HAVE_UNISTD_H 1
| #define HAVE_STRINGS_H 1
| #define HAVE_SYS_TYPES_H 1
| #define HAVE_SYS_STAT_H 1
| #define HAVE_SYS_SELECT_H 1
| #define HAVE_DECL_LE32TOH 1
| #define HAVE_DECL_LE64TOH 1
| #define HAVE_DECL_HTOLE32 1
| #define HAVE_DECL_HTOLE64 1
| #define HAVE_DECL_BE32TOH 1
| #define HAVE_DECL_BE64TOH 1
| #define HAVE_DECL_HTOBE32 1
| #define HAVE_DECL_HTOBE64 1
| #define HAVE_MSG_NOSIGNAL 1
| /* end confdefs.h.  */
| 
|       #include <bdb4.8/db_cxx.h>
| 
| int
| main ()
| {
| 
|       #if !((DB_VERSION_MAJOR == 4 && DB_VERSION_MINOR >= 8) || DB_VERSION_MAJOR > 4)
|         #error "failed to find bdb 4.8+"
|       #endif
| 
|   ;
|   return 0;
| }
configure:10609: g++ -c -g -O2 -Wall -Wextra -Wformat -Wformat-security -Wno-unused-parameter  -Wstack-protector -fstack-protector-all -fPIE -fPIC  -DBOOST_SPIRIT_THREADSAFE -DHAVE_BUILD_INFO -D__STDC_FORMAT_MACROS  -U_FORTIFY_SOURCE -D_FORTIFY_SOURCE=2 conftest.cpp >&5
conftest.cpp:42:35: fatal error: libdb4.8/db_cxx.h: No such file or directory
compilation terminated.
configure:10609: $? = 1
configure: failed program was:
| /* confdefs.h */
| #define PACKAGE_NAME "VERGE Core"
| #define PACKAGE_TARNAME "verge"
| #define PACKAGE_VERSION "4.0.1"
| #define PACKAGE_STRING "VERGE Core 4.0.1"
| #define PACKAGE_BUGREPORT "https://github.com/vergecurrency/VERGE/issues"
| #define PACKAGE_URL "http://VERGEcurrency.com/"
| #define HAVE_SSE2 1
| #define STDC_HEADERS 1
| #define HAVE_SYS_TYPES_H 1
| #define HAVE_SYS_STAT_H 1
| #define HAVE_STDLIB_H 1
| #define HAVE_STRING_H 1
| #define HAVE_MEMORY_H 1
| #define HAVE_STRINGS_H 1
| #define HAVE_INTTYPES_H 1
| #define HAVE_STDINT_H 1
| #define HAVE_UNISTD_H 1
| #define HAVE_PTHREAD 1
| #define HAVE_DECL_STRERROR_R 1
| #define HAVE_STRERROR_R 1
| #define STRERROR_R_CHAR_P 1
| #define HAVE_ENDIAN_H 1
| #define HAVE_STDIO_H 1
| #define HAVE_STDLIB_H 1
| #define HAVE_UNISTD_H 1
| #define HAVE_STRINGS_H 1
| #define HAVE_SYS_TYPES_H 1
| #define HAVE_SYS_STAT_H 1
| #define HAVE_SYS_SELECT_H 1
| #define HAVE_DECL_LE32TOH 1
| #define HAVE_DECL_LE64TOH 1
| #define HAVE_DECL_HTOLE32 1
| #define HAVE_DECL_HTOLE64 1
| #define HAVE_DECL_BE32TOH 1
| #define HAVE_DECL_BE64TOH 1
| #define HAVE_DECL_HTOBE32 1
| #define HAVE_DECL_HTOBE64 1
| #define HAVE_MSG_NOSIGNAL 1
| /* end confdefs.h.  */
| 
|       #include <libdb4.8/db_cxx.h>
| 
| int
| main ()
| {
| 
|       #if !((DB_VERSION_MAJOR == 4 && DB_VERSION_MINOR >= 8) || DB_VERSION_MAJOR > 4)
|         #error "failed to find bdb 4.8+"
|       #endif
| 
|   ;
|   return 0;
| }
configure:10609: g++ -c -g -O2 -Wall -Wextra -Wformat -Wformat-security -Wno-unused-parameter  -Wstack-protector -fstack-protector-all -fPIE -fPIC  -DBOOST_SPIRIT_THREADSAFE -DHAVE_BUILD_INFO -D__STDC_FORMAT_MACROS  -U_FORTIFY_SOURCE -D_FORTIFY_SOURCE=2 conftest.cpp >&5
conftest.cpp:42:32: fatal error: db4.8/db_cxx.h: No such file or directory
compilation terminated.
configure:10609: $? = 1
configure: failed program was:
| /* confdefs.h */
| #define PACKAGE_NAME "VERGE Core"
| #define PACKAGE_TARNAME "verge"
| #define PACKAGE_VERSION "4.0.1"
| #define PACKAGE_STRING "VERGE Core 4.0.1"
| #define PACKAGE_BUGREPORT "https://github.com/vergecurrency/VERGE/issues"
| #define PACKAGE_URL "http://VERGEcurrency.com/"
| #define HAVE_SSE2 1
| #define STDC_HEADERS 1
| #define HAVE_SYS_TYPES_H 1
| #define HAVE_SYS_STAT_H 1
| #define HAVE_STDLIB_H 1
| #define HAVE_STRING_H 1
| #define HAVE_MEMORY_H 1
| #define HAVE_STRINGS_H 1
| #define HAVE_INTTYPES_H 1
| #define HAVE_STDINT_H 1
| #define HAVE_UNISTD_H 1
| #define HAVE_PTHREAD 1
| #define HAVE_DECL_STRERROR_R 1
| #define HAVE_STRERROR_R 1
| #define STRERROR_R_CHAR_P 1
| #define HAVE_ENDIAN_H 1
| #define HAVE_STDIO_H 1
| #define HAVE_STDLIB_H 1
| #define HAVE_UNISTD_H 1
| #define HAVE_STRINGS_H 1
| #define HAVE_SYS_TYPES_H 1
| #define HAVE_SYS_STAT_H 1
| #define HAVE_SYS_SELECT_H 1
| #define HAVE_DECL_LE32TOH 1
| #define HAVE_DECL_LE64TOH 1
| #define HAVE_DECL_HTOLE32 1
| #define HAVE_DECL_HTOLE64 1
| #define HAVE_DECL_BE32TOH 1
| #define HAVE_DECL_BE64TOH 1
| #define HAVE_DECL_HTOBE32 1
| #define HAVE_DECL_HTOBE64 1
| #define HAVE_MSG_NOSIGNAL 1
| /* end confdefs.h.  */
| 
|       #include <db4.8/db_cxx.h>
| 
| int
| main ()
| {
| 
|       #if !((DB_VERSION_MAJOR == 4 && DB_VERSION_MINOR >= 8) || DB_VERSION_MAJOR > 4)
|         #error "failed to find bdb 4.8+"
|       #endif
| 
|   ;
|   return 0;
| }
configure:10609: g++ -c -g -O2 -Wall -Wextra -Wformat -Wformat-security -Wno-unused-parameter  -Wstack-protector -fstack-protector-all -fPIE -fPIC  -DBOOST_SPIRIT_THREADSAFE -DHAVE_BUILD_INFO -D__STDC_FORMAT_MACROS  -U_FORTIFY_SOURCE -D_FORTIFY_SOURCE=2 conftest.cpp >&5
conftest.cpp:42:32: fatal error: bdb48/db_cxx.h: No such file or directory
compilation terminated.
configure:10609: $? = 1
configure: failed program was:
| /* confdefs.h */
| #define PACKAGE_NAME "VERGE Core"
| #define PACKAGE_TARNAME "verge"
| #define PACKAGE_VERSION "4.0.1"
| #define PACKAGE_STRING "VERGE Core 4.0.1"
| #define PACKAGE_BUGREPORT "https://github.com/vergecurrency/VERGE/issues"
| #define PACKAGE_URL "http://VERGEcurrency.com/"
| #define HAVE_SSE2 1
| #define STDC_HEADERS 1
| #define HAVE_SYS_TYPES_H 1
| #define HAVE_SYS_STAT_H 1
| #define HAVE_STDLIB_H 1
| #define HAVE_STRING_H 1
| #define HAVE_MEMORY_H 1
| #define HAVE_STRINGS_H 1
| #define HAVE_INTTYPES_H 1
| #define HAVE_STDINT_H 1
| #define HAVE_UNISTD_H 1
| #define HAVE_PTHREAD 1
| #define HAVE_DECL_STRERROR_R 1
| #define HAVE_STRERROR_R 1
| #define STRERROR_R_CHAR_P 1
| #define HAVE_ENDIAN_H 1
| #define HAVE_STDIO_H 1
| #define HAVE_STDLIB_H 1
| #define HAVE_UNISTD_H 1
| #define HAVE_STRINGS_H 1
| #define HAVE_SYS_TYPES_H 1
| #define HAVE_SYS_STAT_H 1
| #define HAVE_SYS_SELECT_H 1
| #define HAVE_DECL_LE32TOH 1
| #define HAVE_DECL_LE64TOH 1
| #define HAVE_DECL_HTOLE32 1
| #define HAVE_DECL_HTOLE64 1
| #define HAVE_DECL_BE32TOH 1
| #define HAVE_DECL_BE64TOH 1
| #define HAVE_DECL_HTOBE32 1
| #define HAVE_DECL_HTOBE64 1
| #define HAVE_MSG_NOSIGNAL 1
| /* end confdefs.h.  */
| 
|       #include <bdb48/db_cxx.h>
| 
| int
| main ()
| {
| 
|       #if !((DB_VERSION_MAJOR == 4 && DB_VERSION_MINOR >= 8) || DB_VERSION_MAJOR > 4)
|         #error "failed to find bdb 4.8+"
|       #endif
| 
|   ;
|   return 0;
| }
configure:10609: g++ -c -g -O2 -Wall -Wextra -Wformat -Wformat-security -Wno-unused-parameter  -Wstack-protector -fstack-protector-all -fPIE -fPIC  -DBOOST_SPIRIT_THREADSAFE -DHAVE_BUILD_INFO -D__STDC_FORMAT_MACROS  -U_FORTIFY_SOURCE -D_FORTIFY_SOURCE=2 conftest.cpp >&5
conftest.cpp:42:34: fatal error: libdb48/db_cxx.h: No such file or directory
compilation terminated.
configure:10609: $? = 1
configure: failed program was:
| /* confdefs.h */
| #define PACKAGE_NAME "VERGE Core"
| #define PACKAGE_TARNAME "verge"
| #define PACKAGE_VERSION "4.0.1"
| #define PACKAGE_STRING "VERGE Core 4.0.1"
| #define PACKAGE_BUGREPORT "https://github.com/vergecurrency/VERGE/issues"
| #define PACKAGE_URL "http://VERGEcurrency.com/"
| #define HAVE_SSE2 1
| #define STDC_HEADERS 1
| #define HAVE_SYS_TYPES_H 1
| #define HAVE_SYS_STAT_H 1
| #define HAVE_STDLIB_H 1
| #define HAVE_STRING_H 1
| #define HAVE_MEMORY_H 1
| #define HAVE_STRINGS_H 1
| #define HAVE_INTTYPES_H 1
| #define HAVE_STDINT_H 1
| #define HAVE_UNISTD_H 1
| #define HAVE_PTHREAD 1
| #define HAVE_DECL_STRERROR_R 1
| #define HAVE_STRERROR_R 1
| #define STRERROR_R_CHAR_P 1
| #define HAVE_ENDIAN_H 1
| #define HAVE_STDIO_H 1
| #define HAVE_STDLIB_H 1
| #define HAVE_UNISTD_H 1
| #define HAVE_STRINGS_H 1
| #define HAVE_SYS_TYPES_H 1
| #define HAVE_SYS_STAT_H 1
| #define HAVE_SYS_SELECT_H 1
| #define HAVE_DECL_LE32TOH 1
| #define HAVE_DECL_LE64TOH 1
| #define HAVE_DECL_HTOLE32 1
| #define HAVE_DECL_HTOLE64 1
| #define HAVE_DECL_BE32TOH 1
| #define HAVE_DECL_BE64TOH 1
| #define HAVE_DECL_HTOBE32 1
| #define HAVE_DECL_HTOBE64 1
| #define HAVE_MSG_NOSIGNAL 1
| /* end confdefs.h.  */
| 
|       #include <libdb48/db_cxx.h>
| 
| int
| main ()
| {
| 
|       #if !((DB_VERSION_MAJOR == 4 && DB_VERSION_MINOR >= 8) || DB_VERSION_MAJOR > 4)
|         #error "failed to find bdb 4.8+"
|       #endif
| 
|   ;
|   return 0;
| }
configure:10609: g++ -c -g -O2 -Wall -Wextra -Wformat -Wformat-security -Wno-unused-parameter  -Wstack-protector -fstack-protector-all -fPIE -fPIC  -DBOOST_SPIRIT_THREADSAFE -DHAVE_BUILD_INFO -D__STDC_FORMAT_MACROS  -U_FORTIFY_SOURCE -D_FORTIFY_SOURCE=2 conftest.cpp >&5
conftest.cpp:42:31: fatal error: db48/db_cxx.h: No such file or directory
compilation terminated.
configure:10609: $? = 1
configure: failed program was:
| /* confdefs.h */
| #define PACKAGE_NAME "VERGE Core"
| #define PACKAGE_TARNAME "verge"
| #define PACKAGE_VERSION "4.0.1"
| #define PACKAGE_STRING "VERGE Core 4.0.1"
| #define PACKAGE_BUGREPORT "https://github.com/vergecurrency/VERGE/issues"
| #define PACKAGE_URL "http://VERGEcurrency.com/"
| #define HAVE_SSE2 1
| #define STDC_HEADERS 1
| #define HAVE_SYS_TYPES_H 1
| #define HAVE_SYS_STAT_H 1
| #define HAVE_STDLIB_H 1
| #define HAVE_STRING_H 1
| #define HAVE_MEMORY_H 1
| #define HAVE_STRINGS_H 1
| #define HAVE_INTTYPES_H 1
| #define HAVE_STDINT_H 1
| #define HAVE_UNISTD_H 1
| #define HAVE_PTHREAD 1
| #define HAVE_DECL_STRERROR_R 1
| #define HAVE_STRERROR_R 1
| #define STRERROR_R_CHAR_P 1
| #define HAVE_ENDIAN_H 1
| #define HAVE_STDIO_H 1
| #define HAVE_STDLIB_H 1
| #define HAVE_UNISTD_H 1
| #define HAVE_STRINGS_H 1
| #define HAVE_SYS_TYPES_H 1
| #define HAVE_SYS_STAT_H 1
| #define HAVE_SYS_SELECT_H 1
| #define HAVE_DECL_LE32TOH 1
| #define HAVE_DECL_LE64TOH 1
| #define HAVE_DECL_HTOLE32 1
| #define HAVE_DECL_HTOLE64 1
| #define HAVE_DECL_BE32TOH 1
| #define HAVE_DECL_BE64TOH 1
| #define HAVE_DECL_HTOBE32 1
| #define HAVE_DECL_HTOBE64 1
| #define HAVE_MSG_NOSIGNAL 1
| /* end confdefs.h.  */
| 
|       #include <db48/db_cxx.h>
| 
| int
| main ()
| {
| 
|       #if !((DB_VERSION_MAJOR == 4 && DB_VERSION_MINOR >= 8) || DB_VERSION_MAJOR > 4)
|         #error "failed to find bdb 4.8+"
|       #endif
| 
|   ;
|   return 0;
| }
configure:10609: g++ -c -g -O2 -Wall -Wextra -Wformat -Wformat-security -Wno-unused-parameter  -Wstack-protector -fstack-protector-all -fPIE -fPIC  -DBOOST_SPIRIT_THREADSAFE -DHAVE_BUILD_INFO -D__STDC_FORMAT_MACROS  -U_FORTIFY_SOURCE -D_FORTIFY_SOURCE=2 conftest.cpp >&5
conftest.cpp:42:31: fatal error: bdb4/db_cxx.h: No such file or directory
compilation terminated.
configure:10609: $? = 1
configure: failed program was:
| /* confdefs.h */
| #define PACKAGE_NAME "VERGE Core"
| #define PACKAGE_TARNAME "verge"
| #define PACKAGE_VERSION "4.0.1"
| #define PACKAGE_STRING "VERGE Core 4.0.1"
| #define PACKAGE_BUGREPORT "https://github.com/vergecurrency/VERGE/issues"
| #define PACKAGE_URL "http://VERGEcurrency.com/"
| #define HAVE_SSE2 1
| #define STDC_HEADERS 1
| #define HAVE_SYS_TYPES_H 1
| #define HAVE_SYS_STAT_H 1
| #define HAVE_STDLIB_H 1
| #define HAVE_STRING_H 1
| #define HAVE_MEMORY_H 1
| #define HAVE_STRINGS_H 1
| #define HAVE_INTTYPES_H 1
| #define HAVE_STDINT_H 1
| #define HAVE_UNISTD_H 1
| #define HAVE_PTHREAD 1
| #define HAVE_DECL_STRERROR_R 1
| #define HAVE_STRERROR_R 1
| #define STRERROR_R_CHAR_P 1
| #define HAVE_ENDIAN_H 1
| #define HAVE_STDIO_H 1
| #define HAVE_STDLIB_H 1
| #define HAVE_UNISTD_H 1
| #define HAVE_STRINGS_H 1
| #define HAVE_SYS_TYPES_H 1
| #define HAVE_SYS_STAT_H 1
| #define HAVE_SYS_SELECT_H 1
| #define HAVE_DECL_LE32TOH 1
| #define HAVE_DECL_LE64TOH 1
| #define HAVE_DECL_HTOLE32 1
| #define HAVE_DECL_HTOLE64 1
| #define HAVE_DECL_BE32TOH 1
| #define HAVE_DECL_BE64TOH 1
| #define HAVE_DECL_HTOBE32 1
| #define HAVE_DECL_HTOBE64 1
| #define HAVE_MSG_NOSIGNAL 1
| /* end confdefs.h.  */
| 
|       #include <bdb4/db_cxx.h>
| 
| int
| main ()
| {
| 
|       #if !((DB_VERSION_MAJOR == 4 && DB_VERSION_MINOR >= 8) || DB_VERSION_MAJOR > 4)
|         #error "failed to find bdb 4.8+"
|       #endif
| 
|   ;
|   return 0;
| }
configure:10609: g++ -c -g -O2 -Wall -Wextra -Wformat -Wformat-security -Wno-unused-parameter  -Wstack-protector -fstack-protector-all -fPIE -fPIC  -DBOOST_SPIRIT_THREADSAFE -DHAVE_BUILD_INFO -D__STDC_FORMAT_MACROS  -U_FORTIFY_SOURCE -D_FORTIFY_SOURCE=2 conftest.cpp >&5
conftest.cpp:42:33: fatal error: libdb4/db_cxx.h: No such file or directory
compilation terminated.
configure:10609: $? = 1
configure: failed program was:
| /* confdefs.h */
| #define PACKAGE_NAME "VERGE Core"
| #define PACKAGE_TARNAME "verge"
| #define PACKAGE_VERSION "4.0.1"
| #define PACKAGE_STRING "VERGE Core 4.0.1"
| #define PACKAGE_BUGREPORT "https://github.com/vergecurrency/VERGE/issues"
| #define PACKAGE_URL "http://VERGEcurrency.com/"
| #define HAVE_SSE2 1
| #define STDC_HEADERS 1
| #define HAVE_SYS_TYPES_H 1
| #define HAVE_SYS_STAT_H 1
| #define HAVE_STDLIB_H 1
| #define HAVE_STRING_H 1
| #define HAVE_MEMORY_H 1
| #define HAVE_STRINGS_H 1
| #define HAVE_INTTYPES_H 1
| #define HAVE_STDINT_H 1
| #define HAVE_UNISTD_H 1
| #define HAVE_PTHREAD 1
| #define HAVE_DECL_STRERROR_R 1
| #define HAVE_STRERROR_R 1
| #define STRERROR_R_CHAR_P 1
| #define HAVE_ENDIAN_H 1
| #define HAVE_STDIO_H 1
| #define HAVE_STDLIB_H 1
| #define HAVE_UNISTD_H 1
| #define HAVE_STRINGS_H 1
| #define HAVE_SYS_TYPES_H 1
| #define HAVE_SYS_STAT_H 1
| #define HAVE_SYS_SELECT_H 1
| #define HAVE_DECL_LE32TOH 1
| #define HAVE_DECL_LE64TOH 1
| #define HAVE_DECL_HTOLE32 1
| #define HAVE_DECL_HTOLE64 1
| #define HAVE_DECL_BE32TOH 1
| #define HAVE_DECL_BE64TOH 1
| #define HAVE_DECL_HTOBE32 1
| #define HAVE_DECL_HTOBE64 1
| #define HAVE_MSG_NOSIGNAL 1
| /* end confdefs.h.  */
| 
|       #include <libdb4/db_cxx.h>
| 
| int
| main ()
| {
| 
|       #if !((DB_VERSION_MAJOR == 4 && DB_VERSION_MINOR >= 8) || DB_VERSION_MAJOR > 4)
|         #error "failed to find bdb 4.8+"
|       #endif
| 
|   ;
|   return 0;
| }
configure:10609: g++ -c -g -O2 -Wall -Wextra -Wformat -Wformat-security -Wno-unused-parameter  -Wstack-protector -fstack-protector-all -fPIE -fPIC  -DBOOST_SPIRIT_THREADSAFE -DHAVE_BUILD_INFO -D__STDC_FORMAT_MACROS  -U_FORTIFY_SOURCE -D_FORTIFY_SOURCE=2 conftest.cpp >&5
conftest.cpp:42:30: fatal error: db4/db_cxx.h: No such file or directory
compilation terminated.
configure:10609: $? = 1
configure: failed program was:
| /* confdefs.h */
| #define PACKAGE_NAME "VERGE Core"
| #define PACKAGE_TARNAME "verge"
| #define PACKAGE_VERSION "4.0.1"
| #define PACKAGE_STRING "VERGE Core 4.0.1"
| #define PACKAGE_BUGREPORT "https://github.com/vergecurrency/VERGE/issues"
| #define PACKAGE_URL "http://VERGEcurrency.com/"
| #define HAVE_SSE2 1
| #define STDC_HEADERS 1
| #define HAVE_SYS_TYPES_H 1
| #define HAVE_SYS_STAT_H 1
| #define HAVE_STDLIB_H 1
| #define HAVE_STRING_H 1
| #define HAVE_MEMORY_H 1
| #define HAVE_STRINGS_H 1
| #define HAVE_INTTYPES_H 1
| #define HAVE_STDINT_H 1
| #define HAVE_UNISTD_H 1
| #define HAVE_PTHREAD 1
| #define HAVE_DECL_STRERROR_R 1
| #define HAVE_STRERROR_R 1
| #define STRERROR_R_CHAR_P 1
| #define HAVE_ENDIAN_H 1
| #define HAVE_STDIO_H 1
| #define HAVE_STDLIB_H 1
| #define HAVE_UNISTD_H 1
| #define HAVE_STRINGS_H 1
| #define HAVE_SYS_TYPES_H 1
| #define HAVE_SYS_STAT_H 1
| #define HAVE_SYS_SELECT_H 1
| #define HAVE_DECL_LE32TOH 1
| #define HAVE_DECL_LE64TOH 1
| #define HAVE_DECL_HTOLE32 1
| #define HAVE_DECL_HTOLE64 1
| #define HAVE_DECL_BE32TOH 1
| #define HAVE_DECL_BE64TOH 1
| #define HAVE_DECL_HTOBE32 1
| #define HAVE_DECL_HTOBE64 1
| #define HAVE_MSG_NOSIGNAL 1
| /* end confdefs.h.  */
| 
|       #include <db4/db_cxx.h>
| 
| int
| main ()
| {
| 
|       #if !((DB_VERSION_MAJOR == 4 && DB_VERSION_MINOR >= 8) || DB_VERSION_MAJOR > 4)
|         #error "failed to find bdb 4.8+"
|       #endif
| 
|   ;
|   return 0;
| }
configure:10609: g++ -c -g -O2 -Wall -Wextra -Wformat -Wformat-security -Wno-unused-parameter  -Wstack-protector -fstack-protector-all -fPIE -fPIC  -DBOOST_SPIRIT_THREADSAFE -DHAVE_BUILD_INFO -D__STDC_FORMAT_MACROS  -U_FORTIFY_SOURCE -D_FORTIFY_SOURCE=2 conftest.cpp >&5
conftest.cpp:42:31: fatal error: bdb5/db_cxx.h: No such file or directory
compilation terminated.
configure:10609: $? = 1
configure: failed program was:
| /* confdefs.h */
| #define PACKAGE_NAME "VERGE Core"
| #define PACKAGE_TARNAME "verge"
| #define PACKAGE_VERSION "4.0.1"
| #define PACKAGE_STRING "VERGE Core 4.0.1"
| #define PACKAGE_BUGREPORT "https://github.com/vergecurrency/VERGE/issues"
| #define PACKAGE_URL "http://VERGEcurrency.com/"
| #define HAVE_SSE2 1
| #define STDC_HEADERS 1
| #define HAVE_SYS_TYPES_H 1
| #define HAVE_SYS_STAT_H 1
| #define HAVE_STDLIB_H 1
| #define HAVE_STRING_H 1
| #define HAVE_MEMORY_H 1
| #define HAVE_STRINGS_H 1
| #define HAVE_INTTYPES_H 1
| #define HAVE_STDINT_H 1
| #define HAVE_UNISTD_H 1
| #define HAVE_PTHREAD 1
| #define HAVE_DECL_STRERROR_R 1
| #define HAVE_STRERROR_R 1
| #define STRERROR_R_CHAR_P 1
| #define HAVE_ENDIAN_H 1
| #define HAVE_STDIO_H 1
| #define HAVE_STDLIB_H 1
| #define HAVE_UNISTD_H 1
| #define HAVE_STRINGS_H 1
| #define HAVE_SYS_TYPES_H 1
| #define HAVE_SYS_STAT_H 1
| #define HAVE_SYS_SELECT_H 1
| #define HAVE_DECL_LE32TOH 1
| #define HAVE_DECL_LE64TOH 1
| #define HAVE_DECL_HTOLE32 1
| #define HAVE_DECL_HTOLE64 1
| #define HAVE_DECL_BE32TOH 1
| #define HAVE_DECL_BE64TOH 1
| #define HAVE_DECL_HTOBE32 1
| #define HAVE_DECL_HTOBE64 1
| #define HAVE_MSG_NOSIGNAL 1
| /* end confdefs.h.  */
| 
|       #include <bdb5/db_cxx.h>
| 
| int
| main ()
| {
| 
|       #if !((DB_VERSION_MAJOR == 4 && DB_VERSION_MINOR >= 8) || DB_VERSION_MAJOR > 4)
|         #error "failed to find bdb 4.8+"
|       #endif
| 
|   ;
|   return 0;
| }
configure:10609: g++ -c -g -O2 -Wall -Wextra -Wformat -Wformat-security -Wno-unused-parameter  -Wstack-protector -fstack-protector-all -fPIE -fPIC  -DBOOST_SPIRIT_THREADSAFE -DHAVE_BUILD_INFO -D__STDC_FORMAT_MACROS  -U_FORTIFY_SOURCE -D_FORTIFY_SOURCE=2 conftest.cpp >&5
conftest.cpp:42:33: fatal error: libdb5/db_cxx.h: No such file or directory
compilation terminated.
configure:10609: $? = 1
configure: failed program was:
| /* confdefs.h */
| #define PACKAGE_NAME "VERGE Core"
| #define PACKAGE_TARNAME "verge"
| #define PACKAGE_VERSION "4.0.1"
| #define PACKAGE_STRING "VERGE Core 4.0.1"
| #define PACKAGE_BUGREPORT "https://github.com/vergecurrency/VERGE/issues"
| #define PACKAGE_URL "http://VERGEcurrency.com/"
| #define HAVE_SSE2 1
| #define STDC_HEADERS 1
| #define HAVE_SYS_TYPES_H 1
| #define HAVE_SYS_STAT_H 1
| #define HAVE_STDLIB_H 1
| #define HAVE_STRING_H 1
| #define HAVE_MEMORY_H 1
| #define HAVE_STRINGS_H 1
| #define HAVE_INTTYPES_H 1
| #define HAVE_STDINT_H 1
| #define HAVE_UNISTD_H 1
| #define HAVE_PTHREAD 1
| #define HAVE_DECL_STRERROR_R 1
| #define HAVE_STRERROR_R 1
| #define STRERROR_R_CHAR_P 1
| #define HAVE_ENDIAN_H 1
| #define HAVE_STDIO_H 1
| #define HAVE_STDLIB_H 1
| #define HAVE_UNISTD_H 1
| #define HAVE_STRINGS_H 1
| #define HAVE_SYS_TYPES_H 1
| #define HAVE_SYS_STAT_H 1
| #define HAVE_SYS_SELECT_H 1
| #define HAVE_DECL_LE32TOH 1
| #define HAVE_DECL_LE64TOH 1
| #define HAVE_DECL_HTOLE32 1
| #define HAVE_DECL_HTOLE64 1
| #define HAVE_DECL_BE32TOH 1
| #define HAVE_DECL_BE64TOH 1
| #define HAVE_DECL_HTOBE32 1
| #define HAVE_DECL_HTOBE64 1
| #define HAVE_MSG_NOSIGNAL 1
| /* end confdefs.h.  */
| 
|       #include <libdb5/db_cxx.h>
| 
| int
| main ()
| {
| 
|       #if !((DB_VERSION_MAJOR == 4 && DB_VERSION_MINOR >= 8) || DB_VERSION_MAJOR > 4)
|         #error "failed to find bdb 4.8+"
|       #endif
| 
|   ;
|   return 0;
| }
configure:10609: g++ -c -g -O2 -Wall -Wextra -Wformat -Wformat-security -Wno-unused-parameter  -Wstack-protector -fstack-protector-all -fPIE -fPIC  -DBOOST_SPIRIT_THREADSAFE -DHAVE_BUILD_INFO -D__STDC_FORMAT_MACROS  -U_FORTIFY_SOURCE -D_FORTIFY_SOURCE=2 conftest.cpp >&5
conftest.cpp:42:30: fatal error: db5/db_cxx.h: No such file or directory
compilation terminated.
configure:10609: $? = 1
configure: failed program was:
| /* confdefs.h */
| #define PACKAGE_NAME "VERGE Core"
| #define PACKAGE_TARNAME "verge"
| #define PACKAGE_VERSION "4.0.1"
| #define PACKAGE_STRING "VERGE Core 4.0.1"
| #define PACKAGE_BUGREPORT "https://github.com/vergecurrency/VERGE/issues"
| #define PACKAGE_URL "http://VERGEcurrency.com/"
| #define HAVE_SSE2 1
| #define STDC_HEADERS 1
| #define HAVE_SYS_TYPES_H 1
| #define HAVE_SYS_STAT_H 1
| #define HAVE_STDLIB_H 1
| #define HAVE_STRING_H 1
| #define HAVE_MEMORY_H 1
| #define HAVE_STRINGS_H 1
| #define HAVE_INTTYPES_H 1
| #define HAVE_STDINT_H 1
| #define HAVE_UNISTD_H 1
| #define HAVE_PTHREAD 1
| #define HAVE_DECL_STRERROR_R 1
| #define HAVE_STRERROR_R 1
| #define STRERROR_R_CHAR_P 1
| #define HAVE_ENDIAN_H 1
| #define HAVE_STDIO_H 1
| #define HAVE_STDLIB_H 1
| #define HAVE_UNISTD_H 1
| #define HAVE_STRINGS_H 1
| #define HAVE_SYS_TYPES_H 1
| #define HAVE_SYS_STAT_H 1
| #define HAVE_SYS_SELECT_H 1
| #define HAVE_DECL_LE32TOH 1
| #define HAVE_DECL_LE64TOH 1
| #define HAVE_DECL_HTOLE32 1
| #define HAVE_DECL_HTOLE64 1
| #define HAVE_DECL_BE32TOH 1
| #define HAVE_DECL_BE64TOH 1
| #define HAVE_DECL_HTOBE32 1
| #define HAVE_DECL_HTOBE64 1
| #define HAVE_MSG_NOSIGNAL 1
| /* end confdefs.h.  */
| 
|       #include <db5/db_cxx.h>
| 
| int
| main ()
| {
| 
|       #if !((DB_VERSION_MAJOR == 4 && DB_VERSION_MINOR >= 8) || DB_VERSION_MAJOR > 4)
|         #error "failed to find bdb 4.8+"
|       #endif
| 
|   ;
|   return 0;
| }
configure:10609: g++ -c -g -O2 -Wall -Wextra -Wformat -Wformat-security -Wno-unused-parameter  -Wstack-protector -fstack-protector-all -fPIE -fPIC  -DBOOST_SPIRIT_THREADSAFE -DHAVE_BUILD_INFO -D__STDC_FORMAT_MACROS  -U_FORTIFY_SOURCE -D_FORTIFY_SOURCE=2 conftest.cpp >&5
conftest.cpp:42:30: fatal error: bdb/db_cxx.h: No such file or directory
compilation terminated.
configure:10609: $? = 1
configure: failed program was:
| /* confdefs.h */
| #define PACKAGE_NAME "VERGE Core"
| #define PACKAGE_TARNAME "verge"
| #define PACKAGE_VERSION "4.0.1"
| #define PACKAGE_STRING "VERGE Core 4.0.1"
| #define PACKAGE_BUGREPORT "https://github.com/vergecurrency/VERGE/issues"
| #define PACKAGE_URL "http://VERGEcurrency.com/"
| #define HAVE_SSE2 1
| #define STDC_HEADERS 1
| #define HAVE_SYS_TYPES_H 1
| #define HAVE_SYS_STAT_H 1
| #define HAVE_STDLIB_H 1
| #define HAVE_STRING_H 1
| #define HAVE_MEMORY_H 1
| #define HAVE_STRINGS_H 1
| #define HAVE_INTTYPES_H 1
| #define HAVE_STDINT_H 1
| #define HAVE_UNISTD_H 1
| #define HAVE_PTHREAD 1
| #define HAVE_DECL_STRERROR_R 1
| #define HAVE_STRERROR_R 1
| #define STRERROR_R_CHAR_P 1
| #define HAVE_ENDIAN_H 1
| #define HAVE_STDIO_H 1
| #define HAVE_STDLIB_H 1
| #define HAVE_UNISTD_H 1
| #define HAVE_STRINGS_H 1
| #define HAVE_SYS_TYPES_H 1
| #define HAVE_SYS_STAT_H 1
| #define HAVE_SYS_SELECT_H 1
| #define HAVE_DECL_LE32TOH 1
| #define HAVE_DECL_LE64TOH 1
| #define HAVE_DECL_HTOLE32 1
| #define HAVE_DECL_HTOLE64 1
| #define HAVE_DECL_BE32TOH 1
| #define HAVE_DECL_BE64TOH 1
| #define HAVE_DECL_HTOBE32 1
| #define HAVE_DECL_HTOBE64 1
| #define HAVE_MSG_NOSIGNAL 1
| /* end confdefs.h.  */
| 
|       #include <bdb/db_cxx.h>
| 
| int
| main ()
| {
| 
|       #if !((DB_VERSION_MAJOR == 4 && DB_VERSION_MINOR >= 8) || DB_VERSION_MAJOR > 4)
|         #error "failed to find bdb 4.8+"
|       #endif
| 
|   ;
|   return 0;
| }
configure:10609: g++ -c -g -O2 -Wall -Wextra -Wformat -Wformat-security -Wno-unused-parameter  -Wstack-protector -fstack-protector-all -fPIE -fPIC  -DBOOST_SPIRIT_THREADSAFE -DHAVE_BUILD_INFO -D__STDC_FORMAT_MACROS  -U_FORTIFY_SOURCE -D_FORTIFY_SOURCE=2 conftest.cpp >&5
conftest.cpp:42:32: fatal error: libdb/db_cxx.h: No such file or directory
compilation terminated.
configure:10609: $? = 1
configure: failed program was:
| /* confdefs.h */
| #define PACKAGE_NAME "VERGE Core"
| #define PACKAGE_TARNAME "verge"
| #define PACKAGE_VERSION "4.0.1"
| #define PACKAGE_STRING "VERGE Core 4.0.1"
| #define PACKAGE_BUGREPORT "https://github.com/vergecurrency/VERGE/issues"
| #define PACKAGE_URL "http://VERGEcurrency.com/"
| #define HAVE_SSE2 1
| #define STDC_HEADERS 1
| #define HAVE_SYS_TYPES_H 1
| #define HAVE_SYS_STAT_H 1
| #define HAVE_STDLIB_H 1
| #define HAVE_STRING_H 1
| #define HAVE_MEMORY_H 1
| #define HAVE_STRINGS_H 1
| #define HAVE_INTTYPES_H 1
| #define HAVE_STDINT_H 1
| #define HAVE_UNISTD_H 1
| #define HAVE_PTHREAD 1
| #define HAVE_DECL_STRERROR_R 1
| #define HAVE_STRERROR_R 1
| #define STRERROR_R_CHAR_P 1
| #define HAVE_ENDIAN_H 1
| #define HAVE_STDIO_H 1
| #define HAVE_STDLIB_H 1
| #define HAVE_UNISTD_H 1
| #define HAVE_STRINGS_H 1
| #define HAVE_SYS_TYPES_H 1
| #define HAVE_SYS_STAT_H 1
| #define HAVE_SYS_SELECT_H 1
| #define HAVE_DECL_LE32TOH 1
| #define HAVE_DECL_LE64TOH 1
| #define HAVE_DECL_HTOLE32 1
| #define HAVE_DECL_HTOLE64 1
| #define HAVE_DECL_BE32TOH 1
| #define HAVE_DECL_BE64TOH 1
| #define HAVE_DECL_HTOBE32 1
| #define HAVE_DECL_HTOBE64 1
| #define HAVE_MSG_NOSIGNAL 1
| /* end confdefs.h.  */
| 
|       #include <libdb/db_cxx.h>
| 
| int
| main ()
| {
| 
|       #if !((DB_VERSION_MAJOR == 4 && DB_VERSION_MINOR >= 8) || DB_VERSION_MAJOR > 4)
|         #error "failed to find bdb 4.8+"
|       #endif
| 
|   ;
|   return 0;
| }
configure:10609: g++ -c -g -O2 -Wall -Wextra -Wformat -Wformat-security -Wno-unused-parameter  -Wstack-protector -fstack-protector-all -fPIE -fPIC  -DBOOST_SPIRIT_THREADSAFE -DHAVE_BUILD_INFO -D__STDC_FORMAT_MACROS  -U_FORTIFY_SOURCE -D_FORTIFY_SOURCE=2 conftest.cpp >&5
conftest.cpp:42:29: fatal error: db/db_cxx.h: No such file or directory
compilation terminated.
configure:10609: $? = 1
configure: failed program was:
| /* confdefs.h */
| #define PACKAGE_NAME "VERGE Core"
| #define PACKAGE_TARNAME "verge"
| #define PACKAGE_VERSION "4.0.1"
| #define PACKAGE_STRING "VERGE Core 4.0.1"
| #define PACKAGE_BUGREPORT "https://github.com/vergecurrency/VERGE/issues"
| #define PACKAGE_URL "http://VERGEcurrency.com/"
| #define HAVE_SSE2 1
| #define STDC_HEADERS 1
| #define HAVE_SYS_TYPES_H 1
| #define HAVE_SYS_STAT_H 1
| #define HAVE_STDLIB_H 1
| #define HAVE_STRING_H 1
| #define HAVE_MEMORY_H 1
| #define HAVE_STRINGS_H 1
| #define HAVE_INTTYPES_H 1
| #define HAVE_STDINT_H 1
| #define HAVE_UNISTD_H 1
| #define HAVE_PTHREAD 1
| #define HAVE_DECL_STRERROR_R 1
| #define HAVE_STRERROR_R 1
| #define STRERROR_R_CHAR_P 1
| #define HAVE_ENDIAN_H 1
| #define HAVE_STDIO_H 1
| #define HAVE_STDLIB_H 1
| #define HAVE_UNISTD_H 1
| #define HAVE_STRINGS_H 1
| #define HAVE_SYS_TYPES_H 1
| #define HAVE_SYS_STAT_H 1
| #define HAVE_SYS_SELECT_H 1
| #define HAVE_DECL_LE32TOH 1
| #define HAVE_DECL_LE64TOH 1
| #define HAVE_DECL_HTOLE32 1
| #define HAVE_DECL_HTOLE64 1
| #define HAVE_DECL_BE32TOH 1
| #define HAVE_DECL_BE64TOH 1
| #define HAVE_DECL_HTOBE32 1
| #define HAVE_DECL_HTOBE64 1
| #define HAVE_MSG_NOSIGNAL 1
| /* end confdefs.h.  */
| 
|       #include <db/db_cxx.h>
| 
| int
| main ()
| {
| 
|       #if !((DB_VERSION_MAJOR == 4 && DB_VERSION_MINOR >= 8) || DB_VERSION_MAJOR > 4)
|         #error "failed to find bdb 4.8+"
|       #endif
| 
|   ;
|   return 0;
| }
configure:10609: g++ -c -g -O2 -Wall -Wextra -Wformat -Wformat-security -Wno-unused-parameter  -Wstack-protector -fstack-protector-all -fPIE -fPIC  -DBOOST_SPIRIT_THREADSAFE -DHAVE_BUILD_INFO -D__STDC_FORMAT_MACROS  -U_FORTIFY_SOURCE -D_FORTIFY_SOURCE=2 conftest.cpp >&5
configure:10609: $? = 0
configure:10638: g++ -c -g -O2 -Wall -Wextra -Wformat -Wformat-security -Wno-unused-parameter  -Wstack-protector -fstack-protector-all -fPIE -fPIC  -DBOOST_SPIRIT_THREADSAFE -DHAVE_BUILD_INFO -D__STDC_FORMAT_MACROS  -U_FORTIFY_SOURCE -D_FORTIFY_SOURCE=2 conftest.cpp >&5
configure:10638: $? = 0
configure:10681: result: default
configure:10700: checking for main in -ldb_cxx-4.8
configure:10719: g++ -o conftest -g -O2 -Wall -Wextra -Wformat -Wformat-security -Wno-unused-parameter  -Wstack-protector -fstack-protector-all -fPIE -fPIC  -DBOOST_SPIRIT_THREADSAFE -DHAVE_BUILD_INFO -D__STDC_FORMAT_MACROS  -U_FORTIFY_SOURCE -D_FORTIFY_SOURCE=2   -Wl,-z,relro -Wl,-z,now -pie conftest.cpp -ldb_cxx-4.8   >&5
configure:10719: $? = 0
configure:10729: result: yes
configure:10750: checking miniupnpc/miniwget.h usability
configure:10750: g++ -c -g -O2 -Wall -Wextra -Wformat -Wformat-security -Wno-unused-parameter  -Wstack-protector -fstack-protector-all -fPIE -fPIC  -DBOOST_SPIRIT_THREADSAFE -DHAVE_BUILD_INFO -D__STDC_FORMAT_MACROS  -U_FORTIFY_SOURCE -D_FORTIFY_SOURCE=2 conftest.cpp >&5
configure:10750: $? = 0
configure:10750: result: yes
configure:10750: checking miniupnpc/miniwget.h presence
configure:10750: g++ -E  -DBOOST_SPIRIT_THREADSAFE -DHAVE_BUILD_INFO -D__STDC_FORMAT_MACROS  -U_FORTIFY_SOURCE -D_FORTIFY_SOURCE=2 conftest.cpp
configure:10750: $? = 0
configure:10750: result: yes
configure:10750: checking for miniupnpc/miniwget.h
configure:10750: result: yes
configure:10755: checking for main in -lminiupnpc
configure:10774: g++ -o conftest -g -O2 -Wall -Wextra -Wformat -Wformat-security -Wno-unused-parameter  -Wstack-protector -fstack-protector-all -fPIE -fPIC  -DBOOST_SPIRIT_THREADSAFE -DHAVE_BUILD_INFO -D__STDC_FORMAT_MACROS  -U_FORTIFY_SOURCE -D_FORTIFY_SOURCE=2   -Wl,-z,relro -Wl,-z,now -pie conftest.cpp -lminiupnpc   >&5
configure:10774: $? = 0
configure:10783: result: yes
configure:10750: checking miniupnpc/miniupnpc.h usability
configure:10750: g++ -c -g -O2 -Wall -Wextra -Wformat -Wformat-security -Wno-unused-parameter  -Wstack-protector -fstack-protector-all -fPIE -fPIC  -DBOOST_SPIRIT_THREADSAFE -DHAVE_BUILD_INFO -D__STDC_FORMAT_MACROS  -U_FORTIFY_SOURCE -D_FORTIFY_SOURCE=2 conftest.cpp >&5
configure:10750: $? = 0
configure:10750: result: yes
configure:10750: checking miniupnpc/miniupnpc.h presence
configure:10750: g++ -E  -DBOOST_SPIRIT_THREADSAFE -DHAVE_BUILD_INFO -D__STDC_FORMAT_MACROS  -U_FORTIFY_SOURCE -D_FORTIFY_SOURCE=2 conftest.cpp
configure:10750: $? = 0
configure:10750: result: yes
configure:10750: checking for miniupnpc/miniupnpc.h
configure:10750: result: yes
configure:10755: checking for main in -lminiupnpc
configure:10783: result: yes
configure:10750: checking miniupnpc/upnpcommands.h usability
configure:10750: g++ -c -g -O2 -Wall -Wextra -Wformat -Wformat-security -Wno-unused-parameter  -Wstack-protector -fstack-protector-all -fPIE -fPIC  -DBOOST_SPIRIT_THREADSAFE -DHAVE_BUILD_INFO -D__STDC_FORMAT_MACROS  -U_FORTIFY_SOURCE -D_FORTIFY_SOURCE=2 conftest.cpp >&5
configure:10750: $? = 0
configure:10750: result: yes
configure:10750: checking miniupnpc/upnpcommands.h presence
configure:10750: g++ -E  -DBOOST_SPIRIT_THREADSAFE -DHAVE_BUILD_INFO -D__STDC_FORMAT_MACROS  -U_FORTIFY_SOURCE -D_FORTIFY_SOURCE=2 conftest.cpp
configure:10750: $? = 0
configure:10750: result: yes
configure:10750: checking for miniupnpc/upnpcommands.h
configure:10750: result: yes
configure:10755: checking for main in -lminiupnpc
configure:10783: result: yes
configure:10750: checking miniupnpc/upnperrors.h usability
configure:10750: g++ -c -g -O2 -Wall -Wextra -Wformat -Wformat-security -Wno-unused-parameter  -Wstack-protector -fstack-protector-all -fPIE -fPIC  -DBOOST_SPIRIT_THREADSAFE -DHAVE_BUILD_INFO -D__STDC_FORMAT_MACROS  -U_FORTIFY_SOURCE -D_FORTIFY_SOURCE=2 conftest.cpp >&5
configure:10750: $? = 0
configure:10750: result: yes
configure:10750: checking miniupnpc/upnperrors.h presence
configure:10750: g++ -E  -DBOOST_SPIRIT_THREADSAFE -DHAVE_BUILD_INFO -D__STDC_FORMAT_MACROS  -U_FORTIFY_SOURCE -D_FORTIFY_SOURCE=2 conftest.cpp
configure:10750: $? = 0
configure:10750: result: yes
configure:10750: checking for miniupnpc/upnperrors.h
configure:10750: result: yes
configure:10755: checking for main in -lminiupnpc
configure:10783: result: yes
configure:10853: checking for boostlib >= 1.20.0
configure:10938: g++ -c -g -O2 -Wall -Wextra -Wformat -Wformat-security -Wno-unused-parameter  -Wstack-protector -fstack-protector-all -fPIE -fPIC  -DBOOST_SPIRIT_THREADSAFE -DHAVE_BUILD_INFO -D__STDC_FORMAT_MACROS  -U_FORTIFY_SOURCE -D_FORTIFY_SOURCE=2 -I/usr/include conftest.cpp >&5
configure:10938: $? = 0
configure:10940: result: yes
configure:11124: checking whether the Boost::System library is available
configure:11148: g++ -c -g -O2 -Wall -Wextra -Wformat -Wformat-security -Wno-unused-parameter  -Wstack-protector -fstack-protector-all -fPIE -fPIC  -DBOOST_SPIRIT_THREADSAFE -DHAVE_BUILD_INFO -D__STDC_FORMAT_MACROS  -U_FORTIFY_SOURCE -D_FORTIFY_SOURCE=2 -I/usr/include conftest.cpp >&5
conftest.cpp: In function 'int main()':
conftest.cpp:55:3: warning: statement is a reference, not call, to function 'boost::system::system_category' [-Waddress]
   ;
   ^
conftest.cpp:55:3: warning: statement has no effect [-Wunused-value]
configure:11148: $? = 0
configure:11163: result: yes
configure:11179: checking for exit in -lboost_system
configure:11204: g++ -o conftest -g -O2 -Wall -Wextra -Wformat -Wformat-security -Wno-unused-parameter  -Wstack-protector -fstack-protector-all -fPIE -fPIC  -DBOOST_SPIRIT_THREADSAFE -DHAVE_BUILD_INFO -D__STDC_FORMAT_MACROS  -U_FORTIFY_SOURCE -D_FORTIFY_SOURCE=2 -I/usr/include   -Wl,-z,relro -Wl,-z,now -pie -L/usr/lib/x86_64-linux-gnu conftest.cpp -lboost_system  -lminiupnpc -lminiupnpc -lminiupnpc -lminiupnpc  >&5
configure:11204: $? = 0
configure:11214: result: yes
configure:11369: checking whether the Boost::Filesystem library is available
configure:11393: g++ -c -g -O2 -Wall -Wextra -Wformat -Wformat-security -Wno-unused-parameter  -Wstack-protector -fstack-protector-all -fPIE -fPIC  -DBOOST_SPIRIT_THREADSAFE -DHAVE_BUILD_INFO -D__STDC_FORMAT_MACROS  -U_FORTIFY_SOURCE -D_FORTIFY_SOURCE=2 -I/usr/include conftest.cpp >&5
configure:11393: $? = 0
configure:11407: result: yes
configure:11419: checking for exit in -lboost_filesystem
configure:11444: g++ -o conftest -g -O2 -Wall -Wextra -Wformat -Wformat-security -Wno-unused-parameter  -Wstack-protector -fstack-protector-all -fPIE -fPIC  -DBOOST_SPIRIT_THREADSAFE -DHAVE_BUILD_INFO -D__STDC_FORMAT_MACROS  -U_FORTIFY_SOURCE -D_FORTIFY_SOURCE=2 -I/usr/include   -Wl,-z,relro -Wl,-z,now -pie -L/usr/lib/x86_64-linux-gnu conftest.cpp -lboost_filesystem  -lminiupnpc -lminiupnpc -lminiupnpc -lminiupnpc  -lboost_system >&5
configure:11444: $? = 0
configure:11454: result: yes
configure:11604: checking whether the Boost::Program_Options library is available
configure:11628: g++ -c -g -O2 -Wall -Wextra -Wformat -Wformat-security -Wno-unused-parameter  -Wstack-protector -fstack-protector-all -fPIE -fPIC  -DBOOST_SPIRIT_THREADSAFE -DHAVE_BUILD_INFO -D__STDC_FORMAT_MACROS  -U_FORTIFY_SOURCE -D_FORTIFY_SOURCE=2 -I/usr/include conftest.cpp >&5
configure:11628: $? = 0
configure:11642: result: yes
configure:11654: checking for exit in -lboost_program_options
configure:11679: g++ -o conftest -g -O2 -Wall -Wextra -Wformat -Wformat-security -Wno-unused-parameter  -Wstack-protector -fstack-protector-all -fPIE -fPIC  -DBOOST_SPIRIT_THREADSAFE -DHAVE_BUILD_INFO -D__STDC_FORMAT_MACROS  -U_FORTIFY_SOURCE -D_FORTIFY_SOURCE=2 -I/usr/include   -Wl,-z,relro -Wl,-z,now -pie -L/usr/lib/x86_64-linux-gnu conftest.cpp -lboost_program_options  -lminiupnpc -lminiupnpc -lminiupnpc -lminiupnpc  >&5
configure:11679: $? = 0
configure:11689: result: yes
configure:11832: checking whether the Boost::Thread library is available
configure:11864: g++ -c -pthread -g -O2 -Wall -Wextra -Wformat -Wformat-security -Wno-unused-parameter  -Wstack-protector -fstack-protector-all -fPIE -fPIC  -DBOOST_SPIRIT_THREADSAFE -DHAVE_BUILD_INFO -D__STDC_FORMAT_MACROS  -U_FORTIFY_SOURCE -D_FORTIFY_SOURCE=2 -I/usr/include conftest.cpp >&5
configure:11864: $? = 0
configure:11879: result: yes
configure:11909: checking for exit in -lboost_thread
configure:11934: g++ -o conftest -g -O2 -Wall -Wextra -Wformat -Wformat-security -Wno-unused-parameter  -Wstack-protector -fstack-protector-all -fPIE -fPIC  -DBOOST_SPIRIT_THREADSAFE -DHAVE_BUILD_INFO -D__STDC_FORMAT_MACROS  -U_FORTIFY_SOURCE -D_FORTIFY_SOURCE=2 -I/usr/include   -Wl,-z,relro -Wl,-z,now -pie -L/usr/lib/x86_64-linux-gnu conftest.cpp -lboost_thread  -lminiupnpc -lminiupnpc -lminiupnpc -lminiupnpc  >&5
configure:11934: $? = 0
configure:11944: result: yes
configure:12104: checking whether the Boost::Chrono library is available
configure:12128: g++ -c -g -O2 -Wall -Wextra -Wformat -Wformat-security -Wno-unused-parameter  -Wstack-protector -fstack-protector-all -fPIE -fPIC  -DBOOST_SPIRIT_THREADSAFE -DHAVE_BUILD_INFO -D__STDC_FORMAT_MACROS  -U_FORTIFY_SOURCE -D_FORTIFY_SOURCE=2 -pthread -I/usr/include conftest.cpp >&5
configure:12128: $? = 0
configure:12143: result: yes
configure:12159: checking for exit in -lboost_chrono
configure:12184: g++ -o conftest -g -O2 -Wall -Wextra -Wformat -Wformat-security -Wno-unused-parameter  -Wstack-protector -fstack-protector-all -fPIE -fPIC  -DBOOST_SPIRIT_THREADSAFE -DHAVE_BUILD_INFO -D__STDC_FORMAT_MACROS  -U_FORTIFY_SOURCE -D_FORTIFY_SOURCE=2 -pthread -I/usr/include   -Wl,-z,relro -Wl,-z,now -pie -L/usr/lib/x86_64-linux-gnu conftest.cpp -lboost_chrono  -lminiupnpc -lminiupnpc -lminiupnpc -lminiupnpc  >&5
configure:12184: $? = 0
configure:12194: result: yes
configure:12353: checking whether the Boost::Unit_Test_Framework library is available
configure:12376: g++ -c -g -O2 -Wall -Wextra -Wformat -Wformat-security -Wno-unused-parameter  -Wstack-protector -fstack-protector-all -fPIE -fPIC  -DBOOST_SPIRIT_THREADSAFE -DHAVE_BUILD_INFO -D__STDC_FORMAT_MACROS  -U_FORTIFY_SOURCE -D_FORTIFY_SOURCE=2 -pthread -I/usr/include conftest.cpp >&5
conftest.cpp: In function 'int main()':
conftest.cpp:60:21: warning: unused variable 'test' [-Wunused-variable]
         test_suite* test= BOOST_TEST_SUITE( "Unit test example 1" ); return 0;
                     ^
configure:12376: $? = 0
configure:12390: result: yes
configure:12502: checking for dynamic linked boost test
configure:12517: g++ -o conftest -g -O2 -Wall -Wextra -Wformat -Wformat-security -Wno-unused-parameter  -Wstack-protector -fstack-protector-all -fPIE -fPIC  -DBOOST_SPIRIT_THREADSAFE -DHAVE_BUILD_INFO -D__STDC_FORMAT_MACROS  -U_FORTIFY_SOURCE -D_FORTIFY_SOURCE=2 -pthread -I/usr/include   -Wl,-z,relro -Wl,-z,now -pie conftest.cpp -lminiupnpc -lminiupnpc -lminiupnpc -lminiupnpc  -lboost_unit_test_framework >&5
configure:12517: $? = 0
configure:12518: result: yes
configure:12561: g++ -o conftest -g -O2 -Wall -Wextra -Wformat -Wformat-security -Wno-unused-parameter  -Wstack-protector -fstack-protector-all -fPIE -fPIC  -DBOOST_SPIRIT_THREADSAFE -DHAVE_BUILD_INFO -D__STDC_FORMAT_MACROS  -U_FORTIFY_SOURCE -D_FORTIFY_SOURCE=2 -pthread -I/usr/include   -Wl,-z,relro -Wl,-z,now -pie conftest.cpp -lminiupnpc -lminiupnpc -lminiupnpc -lminiupnpc  -L/usr/lib/x86_64-linux-gnu -lboost_system -lboost_filesystem -lboost_program_options -lboost_thread -lboost_chrono  >&5
configure:12561: $? = 0
configure:12688: checking for LIBEVENT
configure:12695: $PKG_CONFIG --exists --print-errors "libevent"
configure:12698: $? = 0
configure:12712: $PKG_CONFIG --exists --print-errors "libevent"
configure:12715: $? = 0
configure:12753: result: yes
configure:12759: checking for ZLIB
configure:12766: $PKG_CONFIG --exists --print-errors "zlib"
configure:12769: $? = 0
configure:12783: $PKG_CONFIG --exists --print-errors "zlib"
configure:12786: $? = 0
configure:12824: result: yes
configure:12831: checking for LIBSECCOMP
configure:12838: $PKG_CONFIG --exists --print-errors "libseccomp"
configure:12841: $? = 0
configure:12855: $PKG_CONFIG --exists --print-errors "libseccomp"
configure:12858: $? = 0
configure:12896: result: yes
configure:12902: checking for LIBCAP
configure:12909: $PKG_CONFIG --exists --print-errors "libcap"
configure:12912: $? = 0
configure:12926: $PKG_CONFIG --exists --print-errors "libcap"
configure:12929: $? = 0
configure:12967: result: yes
configure:12974: checking for SSL
configure:12981: $PKG_CONFIG --exists --print-errors "libssl"
configure:12984: $? = 0
configure:12998: $PKG_CONFIG --exists --print-errors "libssl"
configure:13001: $? = 0
configure:13039: result: yes
configure:13045: checking for CRYPTO
configure:13052: $PKG_CONFIG --exists --print-errors "libcrypto"
configure:13055: $? = 0
configure:13069: $PKG_CONFIG --exists --print-errors "libcrypto"
configure:13072: $? = 0
configure:13110: result: yes
configure:13119: checking for PROTOBUF
configure:13126: $PKG_CONFIG --exists --print-errors "protobuf"
configure:13129: $? = 0
configure:13143: $PKG_CONFIG --exists --print-errors "protobuf"
configure:13146: $? = 0
configure:13204: result: yes
configure:13219: checking for QR
configure:13226: $PKG_CONFIG --exists --print-errors "libqrencode"
configure:13229: $? = 0
configure:13243: $PKG_CONFIG --exists --print-errors "libqrencode"
configure:13246: $? = 0
configure:13284: result: yes
configure:13583: checking for protoc
configure:13601: found /usr/bin/protoc
configure:13613: result: /usr/bin/protoc
configure:13646: checking whether to build VERGEd
configure:13656: result: yes
configure:13767: checking for QT
configure:13774: $PKG_CONFIG --exists --print-errors "$qt4_modules"
Package QtCore was not found in the pkg-config search path.
Perhaps you should add the directory containing `QtCore.pc'
to the PKG_CONFIG_PATH environment variable
No package 'QtCore' found
Package QtGui was not found in the pkg-config search path.
Perhaps you should add the directory containing `QtGui.pc'
to the PKG_CONFIG_PATH environment variable
No package 'QtGui' found
Package QtNetwork was not found in the pkg-config search path.
Perhaps you should add the directory containing `QtNetwork.pc'
to the PKG_CONFIG_PATH environment variable
No package 'QtNetwork' found
Package QtWidgets was not found in the pkg-config search path.
Perhaps you should add the directory containing `QtWidgets.pc'
to the PKG_CONFIG_PATH environment variable
No package 'QtWidgets' found
configure:13777: $? = 1
configure:13791: $PKG_CONFIG --exists --print-errors "$qt4_modules"
Package QtCore was not found in the pkg-config search path.
Perhaps you should add the directory containing `QtCore.pc'
to the PKG_CONFIG_PATH environment variable
No package 'QtCore' found
Package QtGui was not found in the pkg-config search path.
Perhaps you should add the directory containing `QtGui.pc'
to the PKG_CONFIG_PATH environment variable
No package 'QtGui' found
Package QtNetwork was not found in the pkg-config search path.
Perhaps you should add the directory containing `QtNetwork.pc'
to the PKG_CONFIG_PATH environment variable
No package 'QtNetwork' found
Package QtWidgets was not found in the pkg-config search path.
Perhaps you should add the directory containing `QtWidgets.pc'
to the PKG_CONFIG_PATH environment variable
No package 'QtWidgets' found
configure:13794: $? = 1
configure:13808: result: no
No package 'QtCore' found
No package 'QtGui' found
No package 'QtNetwork' found
No package 'QtWidgets' found
configure:13914: checking for QT
configure:13921: $PKG_CONFIG --exists --print-errors "$qt5_modules"
configure:13924: $? = 0
configure:13938: $PKG_CONFIG --exists --print-errors "$qt5_modules"
configure:13941: $? = 0
configure:13979: result: yes
configure:14011: checking for QT_TEST
configure:14018: $PKG_CONFIG --exists --print-errors "${QT_LIB_PREFIX}Test"
configure:14021: $? = 0
configure:14035: $PKG_CONFIG --exists --print-errors "${QT_LIB_PREFIX}Test"
configure:14038: $? = 0
configure:14076: result: yes
configure:14083: checking for QT_DBUS
configure:14090: $PKG_CONFIG --exists --print-errors "${QT_LIB_PREFIX}DBus"
configure:14093: $? = 0
configure:14107: $PKG_CONFIG --exists --print-errors "${QT_LIB_PREFIX}DBus"
configure:14110: $? = 0
configure:14148: result: yes
configure:15148: checking for moc-qt5
configure:15181: result: no
configure:15148: checking for moc5
configure:15181: result: no
configure:15148: checking for moc
configure:15166: found /usr/bin/moc
configure:15178: result: /usr/bin/moc
configure:15266: checking for uic-qt5
configure:15299: result: no
configure:15266: checking for uic5
configure:15299: result: no
configure:15266: checking for uic
configure:15284: found /usr/bin/uic
configure:15296: result: /usr/bin/uic
configure:15384: checking for rcc-qt5
configure:15417: result: no
configure:15384: checking for rcc5
configure:15417: result: no
configure:15384: checking for rcc
configure:15402: found /usr/bin/rcc
configure:15414: result: /usr/bin/rcc
configure:15502: checking for lrelease-qt5
configure:15535: result: no
configure:15502: checking for lrelease5
configure:15535: result: no
configure:15502: checking for lrelease
configure:15520: found /usr/bin/lrelease
configure:15532: result: /usr/bin/lrelease
configure:15620: checking for lupdate-qt5
configure:15653: result: no
configure:15620: checking for lupdate5
configure:15653: result: no
configure:15620: checking for lupdate
configure:15638: found /usr/bin/lupdate
configure:15650: result: /usr/bin/lupdate
configure:15788: checking whether to build VERGE Core GUI
configure:15818: result: yes (Qt5)
configure:15841: checking if ccache should be used
configure:15854: result: no
configure:15858: checking if wallet should be enabled
configure:15861: result: yes
configure:15874: checking whether to build with support for UPnP
configure:15884: result: yes
configure:15886: checking whether to build with UPnP enabled by default
configure:15894: result: no
configure:15912: checking whether to build GUI with support for D-Bus
configure:15919: result: yes
configure:15922: checking whether to build GUI with support for QR codes
configure:15932: result: yes
configure:15949: checking whether to build test_bitcoin-qt
configure:15952: result: yes
configure:15961: checking whether to build test_bitcoin
configure:15964: result: yes
configure:16246: === configuring in tor (/home/coinharvest/VERGE/tor)
configure:16323: running /bin/bash ./configure '--prefix=/usr/local' --disable-option-checking  '--disable-unittests' '--disable-system-torrc' '--disable-systemd' '--disable-lzma' '--disable-asciidoc' '--with-openssl-dir=' 'CFLAGS= -fPIC -O2' '--srcdir=.' --cache-file=
configure:16332: checking that generated files are newer than configure
configure:16338: result: done
configure:16442: creating ./config.status

## ---------------------- ##
## Running config.status. ##
## ---------------------- ##

This file was extended by VERGE Core config.status 4.0.1, which was
generated by GNU Autoconf 2.69.  Invocation command line was

  CONFIG_FILES    = 
  CONFIG_HEADERS  = 
  CONFIG_LINKS    = 
  CONFIG_COMMANDS = 
  $ ./config.status 

on coinharvest

config.status:1068: creating Makefile
config.status:1068: creating src/Makefile
config.status:1068: creating share/setup.nsi
config.status:1068: creating share/qt/Info.plist
config.status:1068: creating qa/pull-tester/run-bitcoind-for-test.sh
config.status:1068: creating qa/pull-tester/build-tests.sh
config.status:1068: creating src/config/verge-config.h
config.status:1297: executing depfiles commands

## ---------------- ##
## Cache variables. ##
## ---------------- ##

ac_cv_build=x86_64-pc-linux-gnu
ac_cv_c_bigendian=no
ac_cv_c_compiler_gnu=yes
ac_cv_cxx_compiler_gnu=yes
ac_cv_env_CCC_set=
ac_cv_env_CCC_value=
ac_cv_env_CC_set=
ac_cv_env_CC_value=
ac_cv_env_CFLAGS_set=
ac_cv_env_CFLAGS_value=
ac_cv_env_CPPFLAGS_set=
ac_cv_env_CPPFLAGS_value=
ac_cv_env_CPP_set=
ac_cv_env_CPP_value=
ac_cv_env_CRYPTO_CFLAGS_set=
ac_cv_env_CRYPTO_CFLAGS_value=
ac_cv_env_CRYPTO_LIBS_set=
ac_cv_env_CRYPTO_LIBS_value=
ac_cv_env_CXXCPP_set=
ac_cv_env_CXXCPP_value=
ac_cv_env_CXXFLAGS_set=
ac_cv_env_CXXFLAGS_value=
ac_cv_env_CXX_set=
ac_cv_env_CXX_value=
ac_cv_env_LDFLAGS_set=
ac_cv_env_LDFLAGS_value=
ac_cv_env_LIBCAP_CFLAGS_set=
ac_cv_env_LIBCAP_CFLAGS_value=
ac_cv_env_LIBCAP_LIBS_set=
ac_cv_env_LIBCAP_LIBS_value=
ac_cv_env_LIBEVENT_CFLAGS_set=
ac_cv_env_LIBEVENT_CFLAGS_value=
ac_cv_env_LIBEVENT_LIBS_set=
ac_cv_env_LIBEVENT_LIBS_value=
ac_cv_env_LIBSECCOMP_CFLAGS_set=
ac_cv_env_LIBSECCOMP_CFLAGS_value=
ac_cv_env_LIBSECCOMP_LIBS_set=
ac_cv_env_LIBSECCOMP_LIBS_value=
ac_cv_env_LIBS_set=
ac_cv_env_LIBS_value=
ac_cv_env_OBJCFLAGS_set=
ac_cv_env_OBJCFLAGS_value=
ac_cv_env_OBJCXXFLAGS_set=
ac_cv_env_OBJCXXFLAGS_value=
ac_cv_env_OBJCXX_set=
ac_cv_env_OBJCXX_value=
ac_cv_env_OBJC_set=
ac_cv_env_OBJC_value=
ac_cv_env_PKG_CONFIG_LIBDIR_set=
ac_cv_env_PKG_CONFIG_LIBDIR_value=
ac_cv_env_PKG_CONFIG_PATH_set=
ac_cv_env_PKG_CONFIG_PATH_value=
ac_cv_env_PKG_CONFIG_set=
ac_cv_env_PKG_CONFIG_value=
ac_cv_env_PROTOBUF_CFLAGS_set=
ac_cv_env_PROTOBUF_CFLAGS_value=
ac_cv_env_PROTOBUF_LIBS_set=
ac_cv_env_PROTOBUF_LIBS_value=
ac_cv_env_QR_CFLAGS_set=
ac_cv_env_QR_CFLAGS_value=
ac_cv_env_QR_LIBS_set=
ac_cv_env_QR_LIBS_value=
ac_cv_env_QT_CFLAGS_set=
ac_cv_env_QT_CFLAGS_value=
ac_cv_env_QT_DBUS_CFLAGS_set=
ac_cv_env_QT_DBUS_CFLAGS_value=
ac_cv_env_QT_DBUS_LIBS_set=
ac_cv_env_QT_DBUS_LIBS_value=
ac_cv_env_QT_LIBS_set=
ac_cv_env_QT_LIBS_value=
ac_cv_env_QT_TEST_CFLAGS_set=
ac_cv_env_QT_TEST_CFLAGS_value=
ac_cv_env_QT_TEST_LIBS_set=
ac_cv_env_QT_TEST_LIBS_value=
ac_cv_env_SSL_CFLAGS_set=
ac_cv_env_SSL_CFLAGS_value=
ac_cv_env_SSL_LIBS_set=
ac_cv_env_SSL_LIBS_value=
ac_cv_env_ZLIB_CFLAGS_set=
ac_cv_env_ZLIB_CFLAGS_value=
ac_cv_env_ZLIB_LIBS_set=
ac_cv_env_ZLIB_LIBS_value=
ac_cv_env_build_alias_set=
ac_cv_env_build_alias_value=
ac_cv_env_host_alias_set=
ac_cv_env_host_alias_value=
ac_cv_env_target_alias_set=
ac_cv_env_target_alias_value=
ac_cv_func_strerror_r=yes
ac_cv_func_strerror_r_char_p=yes
ac_cv_have_decl_be32toh=yes
ac_cv_have_decl_be64toh=yes
ac_cv_have_decl_htobe32=yes
ac_cv_have_decl_htobe64=yes
ac_cv_have_decl_htole32=yes
ac_cv_have_decl_htole64=yes
ac_cv_have_decl_le32toh=yes
ac_cv_have_decl_le64toh=yes
ac_cv_have_decl_strerror_r=yes
ac_cv_header_endian_h=yes
ac_cv_header_inttypes_h=yes
ac_cv_header_memory_h=yes
ac_cv_header_miniupnpc_miniupnpc_h=yes
ac_cv_header_miniupnpc_miniwget_h=yes
ac_cv_header_miniupnpc_upnpcommands_h=yes
ac_cv_header_miniupnpc_upnperrors_h=yes
ac_cv_header_stdc=yes
ac_cv_header_stdint_h=yes
ac_cv_header_stdio_h=yes
ac_cv_header_stdlib_h=yes
ac_cv_header_string_h=yes
ac_cv_header_strings_h=yes
ac_cv_header_sys_select_h=yes
ac_cv_header_sys_stat_h=yes
ac_cv_header_sys_types_h=yes
ac_cv_header_unistd_h=yes
ac_cv_host=x86_64-pc-linux-gnu
ac_cv_lib_boost_chrono___exit=yes
ac_cv_lib_boost_filesystem___exit=yes
ac_cv_lib_boost_program_options___exit=yes
ac_cv_lib_boost_system___exit=yes
ac_cv_lib_boost_thread___exit=yes
ac_cv_lib_db_cxx_4_8___main=yes
ac_cv_lib_miniupnpc_main=yes
ac_cv_objc_compiler_gnu=no
ac_cv_objcxx_compiler_gnu=no
ac_cv_objext=o
ac_cv_path_EGREP='/bin/grep -E'
ac_cv_path_GIT=/usr/bin/git
ac_cv_path_GREP=/bin/grep
ac_cv_path_HEXDUMP=/usr/bin/hexdump
ac_cv_path_LRELEASE=/usr/bin/lrelease
ac_cv_path_LUPDATE=/usr/bin/lupdate
ac_cv_path_MOC=/usr/bin/moc
ac_cv_path_PROTOC=/usr/bin/protoc
ac_cv_path_RCC=/usr/bin/rcc
ac_cv_path_SED=/bin/sed
ac_cv_path_UIC=/usr/bin/uic
ac_cv_path_XGETTEXT=/usr/bin/xgettext
ac_cv_path_ac_pt_AR=/usr/bin/ar
ac_cv_path_ac_pt_GCOV=/usr/bin/gcov
ac_cv_path_ac_pt_PKG_CONFIG=/usr/bin/pkg-config
ac_cv_path_ac_pt_RANLIB=/usr/bin/ranlib
ac_cv_path_ac_pt_STRIP=/usr/bin/strip
ac_cv_path_install='/usr/bin/install -c'
ac_cv_path_mkdir=/bin/mkdir
ac_cv_prog_AWK=mawk
ac_cv_prog_CPP='gcc -E'
ac_cv_prog_CXXCPP='g++ -E'
ac_cv_prog_ac_ct_CC=gcc
ac_cv_prog_ac_ct_CXX=g++
ac_cv_prog_ac_ct_OBJC=gcc
ac_cv_prog_ac_ct_OBJCXX=g++
ac_cv_prog_cc_c89=
ac_cv_prog_cc_g=yes
ac_cv_prog_cxx_g=yes
ac_cv_prog_make_make_set=yes
ac_cv_prog_objc_g=no
ac_cv_prog_objcxx_g=no
ac_cv_sys_file_offset_bits=no
ac_cv_sys_largefile_CC=no
am_cv_CC_dependencies_compiler_type=gcc3
am_cv_CXX_dependencies_compiler_type=gcc3
am_cv_OBJCXX_dependencies_compiler_type=gcc3
am_cv_OBJC_dependencies_compiler_type=gcc3
am_cv_make_support_nested_variables=yes
am_cv_prog_cc_c_o=yes
ax_cv_PTHREAD_PRIO_INHERIT=no
ax_cv_boost_chrono=yes
ax_cv_boost_filesystem=yes
ax_cv_boost_program_options=yes
ax_cv_boost_system=yes
ax_cv_boost_thread=yes
ax_cv_boost_unit_test_framework=yes
ax_cv_check_cxxcppflags___D_FORTIFY_SOURCE_2=yes
ax_cv_check_cxxcppflags___U_FORTIFY_SOURCE=yes
ax_cv_check_cxxflags___Wstack_protector=yes
ax_cv_check_cxxflags___fPIE=yes
ax_cv_check_cxxflags___fstack_protector_all=yes
ax_cv_check_ldflags___Wl___dynamicbase=no
ax_cv_check_ldflags___Wl___large_address_aware=no
ax_cv_check_ldflags___Wl___nxcompat=no
ax_cv_check_ldflags___Wl__z_now=yes
ax_cv_check_ldflags___Wl__z_relro=yes
ax_cv_check_ldflags___pie=yes
pkg_cv_CRYPTO_CFLAGS=
pkg_cv_CRYPTO_LIBS=-lcrypto
pkg_cv_LIBCAP_CFLAGS=
pkg_cv_LIBCAP_LIBS='-L/lib64 -lcap'
pkg_cv_LIBEVENT_CFLAGS=
pkg_cv_LIBEVENT_LIBS=-levent
pkg_cv_LIBSECCOMP_CFLAGS=
pkg_cv_LIBSECCOMP_LIBS=-lseccomp
pkg_cv_PROTOBUF_CFLAGS=-pthread
pkg_cv_PROTOBUF_LIBS='-lprotobuf -pthread -lpthread'
pkg_cv_QR_CFLAGS=
pkg_cv_QR_LIBS=-lqrencode
pkg_cv_QT_CFLAGS='-I/usr/include/x86_64-linux-gnu/qt5/QtNetwork -I/usr/include/x86_64-linux-gnu/qt5 -I/usr/include/x86_64-linux-gnu/qt5/QtWidgets -I/usr/include/x86_64-linux-gnu/qt5 -I/usr/include/x86_64-linux-gnu/qt5/QtGui -I/usr/include/x86_64-linux-gnu/qt5 -I/usr/include/x86_64-linux-gnu/qt5/QtCore -I/usr/include/x86_64-linux-gnu/qt5'
pkg_cv_QT_DBUS_CFLAGS='-I/usr/include/x86_64-linux-gnu/qt5/QtDBus -I/usr/include/x86_64-linux-gnu/qt5 -I/usr/include/x86_64-linux-gnu/qt5/QtCore -I/usr/include/x86_64-linux-gnu/qt5'
pkg_cv_QT_DBUS_LIBS='-lQt5DBus -lQt5Core'
pkg_cv_QT_LIBS='-lQt5Network -lQt5Widgets -lQt5Gui -lQt5Core'
pkg_cv_QT_TEST_CFLAGS='-I/usr/include/x86_64-linux-gnu/qt5/QtTest -I/usr/include/x86_64-linux-gnu/qt5 -I/usr/include/x86_64-linux-gnu/qt5/QtCore -I/usr/include/x86_64-linux-gnu/qt5'
pkg_cv_QT_TEST_LIBS='-lQt5Test -lQt5Core'
pkg_cv_SSL_CFLAGS=
pkg_cv_SSL_LIBS=-lssl
pkg_cv_ZLIB_CFLAGS=
pkg_cv_ZLIB_LIBS=-lz

## ----------------- ##
## Output variables. ##
## ----------------- ##

ACLOCAL='${SHELL} /home/coinharvest/VERGE/src/build-aux/missing aclocal-1.15'
AMDEPBACKSLASH='\'
AMDEP_FALSE='#'
AMDEP_TRUE=''
AMTAR='$${TAR-tar}'
AM_BACKSLASH='\'
AM_DEFAULT_V='$(AM_DEFAULT_VERBOSITY)'
AM_DEFAULT_VERBOSITY='0'
AM_V='$(V)'
AR='/usr/bin/ar'
AUTOCONF='${SHELL} /home/coinharvest/VERGE/src/build-aux/missing autoconf'
AUTOHEADER='${SHELL} /home/coinharvest/VERGE/src/build-aux/missing autoheader'
AUTOMAKE='${SHELL} /home/coinharvest/VERGE/src/build-aux/missing automake-1.15'
AWK='mawk'
BDB_CPPFLAGS=''
BDB_LIBS='-ldb_cxx-4.8'
BOOST_CHRONO_LIB='-lboost_chrono '
BOOST_CPPFLAGS='-pthread -I/usr/include'
BOOST_FILESYSTEM_LIB='-lboost_filesystem'
BOOST_LDFLAGS='-L/usr/lib/x86_64-linux-gnu'
BOOST_LIBS='-L/usr/lib/x86_64-linux-gnu -lboost_system -lboost_filesystem -lboost_program_options -lboost_thread -lboost_chrono '
BOOST_PROGRAM_OPTIONS_LIB='-lboost_program_options'
BOOST_SYSTEM_LIB='-lboost_system'
BOOST_THREAD_LIB='-lboost_thread'
BOOST_UNIT_TEST_FRAMEWORK_LIB='-lboost_unit_test_framework'
BREW=''
BUILD_BITCOIND_FALSE='#'
BUILD_BITCOIND_TRUE=''
BUILD_DARWIN_FALSE=''
BUILD_DARWIN_TRUE='#'
BUILD_QT='qt'
BUILD_TEST='test'
BUILD_TEST_QT='test'
CC='gcc'
CCACHE=''
CCDEPMODE='depmode=gcc3'
CFLAGS='-g -O2 -Wall -Wextra -Wformat -Wformat-security -Wno-unused-parameter -std=c99 -DHAVE_BUILD_INFO  -Wstack-protector -fstack-protector-all -fPIE -fPIC'
CLIENT_VERSION_BUILD='0'
CLIENT_VERSION_IS_RELEASE='true'
CLIENT_VERSION_MAJOR='4'
CLIENT_VERSION_MINOR='0'
CLIENT_VERSION_REVISION='1'
COMPARISON_TOOL_REORG_TESTS='0'
COPYRIGHT_YEAR='2018'
CPP='gcc -E'
CPPFLAGS=' -DBOOST_SPIRIT_THREADSAFE -DHAVE_BUILD_INFO -D__STDC_FORMAT_MACROS  -U_FORTIFY_SOURCE -D_FORTIFY_SOURCE=2'
CRYPTO_CFLAGS=''
CRYPTO_LIBS='-lcrypto'
CXX='g++'
CXXCPP='g++ -E'
CXXDEPMODE='depmode=gcc3'
CXXFLAGS='-g -O2 -Wall -Wextra -Wformat -Wformat-security -Wno-unused-parameter  -Wstack-protector -fstack-protector-all -fPIE -fPIC'
CYGPATH_W='echo'
DEFS='-DHAVE_CONFIG_H'
DEPDIR='.deps'
ECHO_C=''
ECHO_N='-n'
ECHO_T=''
EGREP='/bin/grep -E'
EMBEDDED_LEVELDB_FALSE='#'
EMBEDDED_LEVELDB_TRUE=''
ENABLE_QT_FALSE='#'
ENABLE_QT_TESTS_FALSE='#'
ENABLE_QT_TESTS_TRUE=''
ENABLE_QT_TRUE=''
ENABLE_TESTS_FALSE='#'
ENABLE_TESTS_TRUE=''
ENABLE_WALLET_FALSE='#'
ENABLE_WALLET_TRUE=''
EXEEXT=''
GCOV='/usr/bin/gcov'
GENHTML=''
GENISOIMAGE=''
GIT='/usr/bin/git'
GLIBC_BACK_COMPAT_FALSE=''
GLIBC_BACK_COMPAT_TRUE='#'
GREP='/bin/grep'
HAVE_SSE2_FALSE='#'
HAVE_SSE2_TRUE=''
HEXDUMP='/usr/bin/hexdump'
INCLUDES=' -pthread  '
INSTALLNAMETOOL=''
INSTALL_DATA='${INSTALL} -m 644'
INSTALL_PROGRAM='${INSTALL}'
INSTALL_SCRIPT='${INSTALL}'
INSTALL_STRIP_PROGRAM='$(install_sh) -c -s'
JAVA=''
JAVA_COMPARISON_TOOL=''
LCOV=''
LDFLAGS='  -Wl,-z,relro -Wl,-z,now -pie'
LEVELDB_CPPFLAGS=''
LEVELDB_TARGET_FLAGS=''
LIBCAP_CFLAGS=''
LIBCAP_LIBS='-L/lib64 -lcap'
LIBEVENT_CFLAGS=''
LIBEVENT_LIBS='-levent'
LIBLEVELDB=''
LIBMEMENV=''
LIBOBJS=''
LIBS='-lminiupnpc -lminiupnpc -lminiupnpc -lminiupnpc  -lssl -lcrypto'
LIBSECCOMP_CFLAGS=''
LIBSECCOMP_LIBS='-lseccomp'
LN_S='ln -s'
LRELEASE='/usr/bin/lrelease'
LTLIBOBJS=''
LUPDATE='/usr/bin/lupdate'
MAINT=''
MAINTAINER_MODE_FALSE='#'
MAINTAINER_MODE_TRUE=''
MAKEINFO='${SHELL} /home/coinharvest/VERGE/src/build-aux/missing makeinfo'
MAKENSIS=''
MKDIR_P='/bin/mkdir -p'
MOC='/usr/bin/moc'
MOC_DEFS='-DHAVE_CONFIG_H -I$(top_srcdir)/src'
OBJC='gcc'
OBJCDEPMODE='depmode=gcc3'
OBJCFLAGS=''
OBJCXX='g++'
OBJCXXDEPMODE='depmode=gcc3'
OBJCXXFLAGS='-g -O2 -Wall -Wextra -Wformat -Wformat-security -Wno-unused-parameter  -Wstack-protector -fstack-protector-all -fPIE -fPIC'
OBJEXT='o'
OTOOL=''
PACKAGE='verge'
PACKAGE_BUGREPORT='https://github.com/vergecurrency/VERGE/issues'
PACKAGE_NAME='VERGE Core'
PACKAGE_STRING='VERGE Core 4.0.1'
PACKAGE_TARNAME='verge'
PACKAGE_URL='http://VERGEcurrency.com/'
PACKAGE_VERSION='4.0.1'
PATH_SEPARATOR=':'
PKG_CONFIG='/usr/bin/pkg-config'
PKG_CONFIG_LIBDIR=''
PKG_CONFIG_PATH=''
PORT=''
PROTOBUF_CFLAGS='-pthread'
PROTOBUF_LIBS='-lprotobuf -pthread -lpthread'
PROTOC='/usr/bin/protoc'
PTHREAD_CC='gcc'
PTHREAD_CFLAGS='-pthread'
PTHREAD_LIBS=''
QR_CFLAGS=''
QR_LIBS='-lqrencode'
QT_CFLAGS='-I/usr/include/x86_64-linux-gnu/qt5/QtNetwork -I/usr/include/x86_64-linux-gnu/qt5 -I/usr/include/x86_64-linux-gnu/qt5/QtWidgets -I/usr/include/x86_64-linux-gnu/qt5 -I/usr/include/x86_64-linux-gnu/qt5/QtGui -I/usr/include/x86_64-linux-gnu/qt5 -I/usr/include/x86_64-linux-gnu/qt5/QtCore -I/usr/include/x86_64-linux-gnu/qt5'
QT_DBUS_CFLAGS='-I/usr/include/x86_64-linux-gnu/qt5/QtDBus -I/usr/include/x86_64-linux-gnu/qt5 -I/usr/include/x86_64-linux-gnu/qt5/QtCore -I/usr/include/x86_64-linux-gnu/qt5'
QT_DBUS_INCLUDES='-I/usr/include/x86_64-linux-gnu/qt5/QtDBus -I/usr/include/x86_64-linux-gnu/qt5 -I/usr/include/x86_64-linux-gnu/qt5/QtCore -I/usr/include/x86_64-linux-gnu/qt5'
QT_DBUS_LIBS='-lQt5DBus -lQt5Core'
QT_INCLUDES='-I/usr/include/x86_64-linux-gnu/qt5/QtNetwork -I/usr/include/x86_64-linux-gnu/qt5 -I/usr/include/x86_64-linux-gnu/qt5/QtWidgets -I/usr/include/x86_64-linux-gnu/qt5 -I/usr/include/x86_64-linux-gnu/qt5/QtGui -I/usr/include/x86_64-linux-gnu/qt5 -I/usr/include/x86_64-linux-gnu/qt5/QtCore -I/usr/include/x86_64-linux-gnu/qt5'
QT_LDFLAGS=''
QT_LIBS='-lQt5Network -lQt5Widgets -lQt5Gui -lQt5Core'
QT_SELECT='qt5'
QT_TEST_CFLAGS='-I/usr/include/x86_64-linux-gnu/qt5/QtTest -I/usr/include/x86_64-linux-gnu/qt5 -I/usr/include/x86_64-linux-gnu/qt5/QtCore -I/usr/include/x86_64-linux-gnu/qt5'
QT_TEST_INCLUDES='-I/usr/include/x86_64-linux-gnu/qt5/QtTest -I/usr/include/x86_64-linux-gnu/qt5 -I/usr/include/x86_64-linux-gnu/qt5/QtCore -I/usr/include/x86_64-linux-gnu/qt5'
QT_TEST_LIBS='-lQt5Test -lQt5Core'
RANLIB='/usr/bin/ranlib'
RCC='/usr/bin/rcc'
SED='/bin/sed'
SET_MAKE=''
SHELL='/bin/bash'
SSL_CFLAGS=''
SSL_LIBS='-lssl'
STRIP='/usr/bin/strip'
TARGET_DARWIN_FALSE=''
TARGET_DARWIN_TRUE='#'
TARGET_LINUX_FALSE='#'
TARGET_LINUX_TRUE=''
TARGET_WINDOWS_FALSE=''
TARGET_WINDOWS_TRUE='#'
TESTDEFS=' -DBOOST_TEST_DYN_LINK'
UIC='/usr/bin/uic'
USE_COMPARISON_TOOL_FALSE=''
USE_COMPARISON_TOOL_REORG_TESTS_FALSE='#'
USE_COMPARISON_TOOL_REORG_TESTS_TRUE=''
USE_COMPARISON_TOOL_TRUE='#'
USE_LCOV_FALSE=''
USE_LCOV_TRUE='#'
USE_QRCODE=''
USE_QRCODE_FALSE='#'
USE_QRCODE_TRUE=''
USE_UPNP=''
VERSION='4.0.1'
WINDOWS_BITS=''
WINDRES=''
XGETTEXT='/usr/bin/xgettext'
ZLIB_CFLAGS=''
ZLIB_LIBS='-lz'
ac_ct_CC='gcc'
ac_ct_CXX='g++'
ac_ct_OBJC='gcc'
ac_ct_OBJCXX='g++'
am__EXEEXT_FALSE=''
am__EXEEXT_TRUE='#'
am__fastdepCC_FALSE='#'
am__fastdepCC_TRUE=''
am__fastdepCXX_FALSE='#'
am__fastdepCXX_TRUE=''
am__fastdepOBJCXX_FALSE='#'
am__fastdepOBJCXX_TRUE=''
am__fastdepOBJC_FALSE='#'
am__fastdepOBJC_TRUE=''
am__include='include'
am__isrc=''
am__leading_dot='.'
am__nodep='_no'
am__quote=''
am__tar='$${TAR-tar} chof - "$$tardir"'
am__untar='$${TAR-tar} xf -'
ax_pthread_config=''
bindir='${exec_prefix}/bin'
build='x86_64-pc-linux-gnu'
build_alias=''
build_cpu='x86_64'
build_os='linux-gnu'
build_vendor='pc'
datadir='${datarootdir}'
datarootdir='${prefix}/share'
docdir='${datarootdir}/doc/${PACKAGE_TARNAME}'
dvidir='${docdir}'
exec_prefix='${prefix}'
host='x86_64-pc-linux-gnu'
host_alias=''
host_cpu='x86_64'
host_os='linux-gnu'
host_vendor='pc'
htmldir='${docdir}'
includedir='${prefix}/include'
infodir='${datarootdir}/info'
install_sh='${SHELL} /home/coinharvest/VERGE/src/build-aux/install-sh'
libdir='${exec_prefix}/lib'
libexecdir='${exec_prefix}/libexec'
localedir='${datarootdir}/locale'
localstatedir='${prefix}/var'
mandir='${datarootdir}/man'
mkdir_p='$(MKDIR_P)'
oldincludedir='/usr/include'
pdfdir='${docdir}'
prefix='/usr/local'
program_transform_name='s,x,x,'
psdir='${docdir}'
runstatedir='${localstatedir}/run'
sbindir='${exec_prefix}/sbin'
sharedstatedir='${prefix}/com'
subdirs_extra=' tor'
sysconfdir='${prefix}/etc'
target_alias=''

## ----------- ##
## confdefs.h. ##
## ----------- ##

/* confdefs.h */
#define PACKAGE_NAME "VERGE Core"
#define PACKAGE_TARNAME "verge"
#define PACKAGE_VERSION "4.0.1"
#define PACKAGE_STRING "VERGE Core 4.0.1"
#define PACKAGE_BUGREPORT "https://github.com/vergecurrency/VERGE/issues"
#define PACKAGE_URL "http://VERGEcurrency.com/"
#define HAVE_SSE2 1
#define STDC_HEADERS 1
#define HAVE_SYS_TYPES_H 1
#define HAVE_SYS_STAT_H 1
#define HAVE_STDLIB_H 1
#define HAVE_STRING_H 1
#define HAVE_MEMORY_H 1
#define HAVE_STRINGS_H 1
#define HAVE_INTTYPES_H 1
#define HAVE_STDINT_H 1
#define HAVE_UNISTD_H 1
#define HAVE_PTHREAD 1
#define HAVE_DECL_STRERROR_R 1
#define HAVE_STRERROR_R 1
#define STRERROR_R_CHAR_P 1
#define HAVE_ENDIAN_H 1
#define HAVE_STDIO_H 1
#define HAVE_STDLIB_H 1
#define HAVE_UNISTD_H 1
#define HAVE_STRINGS_H 1
#define HAVE_SYS_TYPES_H 1
#define HAVE_SYS_STAT_H 1
#define HAVE_SYS_SELECT_H 1
#define HAVE_DECL_LE32TOH 1
#define HAVE_DECL_LE64TOH 1
#define HAVE_DECL_HTOLE32 1
#define HAVE_DECL_HTOLE64 1
#define HAVE_DECL_BE32TOH 1
#define HAVE_DECL_BE64TOH 1
#define HAVE_DECL_HTOBE32 1
#define HAVE_DECL_HTOBE64 1
#define HAVE_MSG_NOSIGNAL 1
#define HAVE_MINIUPNPC_MINIWGET_H 1
#define HAVE_LIBMINIUPNPC 1
#define HAVE_MINIUPNPC_MINIUPNPC_H 1
#define HAVE_LIBMINIUPNPC 1
#define HAVE_MINIUPNPC_UPNPCOMMANDS_H 1
#define HAVE_LIBMINIUPNPC 1
#define HAVE_MINIUPNPC_UPNPERRORS_H 1
#define HAVE_LIBMINIUPNPC 1
#define HAVE_BOOST /**/
#define HAVE_BOOST_SYSTEM /**/
#define HAVE_BOOST_FILESYSTEM /**/
#define HAVE_BOOST_PROGRAM_OPTIONS /**/
#define HAVE_BOOST_THREAD /**/
#define HAVE_BOOST_CHRONO /**/
#define HAVE_BOOST_UNIT_TEST_FRAMEWORK /**/
#define HAVE_WORKING_BOOST_SLEEP_FOR 1
#define ENABLE_WALLET 1
#define USE_UPNP 0
#define USE_DBUS 1
#define USE_QRCODE 1
#define CLIENT_VERSION_MAJOR 4
#define CLIENT_VERSION_MINOR 0
#define CLIENT_VERSION_REVISION 1
#define CLIENT_VERSION_BUILD 0
#define CLIENT_VERSION_IS_RELEASE true
#define COPYRIGHT_YEAR 2018

configure: exit 0
